Creating variable fonts from src/NotoSerifTamil/NotoSerifTamil.designspace
Postprocessing font output/Noto Serif Tamil/unhinted/variable-ttf/NotoSerifTamil[wdth,wght].ttf
Creating static fonts from src/NotoSerifTamil/NotoSerifTamil.designspace
Created static font output/Noto Serif Tamil/unhinted/otf/NotoSerifTamil-SemiBold.otf
Postprocessing font output/Noto Serif Tamil/unhinted/otf/NotoSerifTamil-SemiBold.otf
Created static font output/Noto Serif Tamil/unhinted/otf/NotoSerifTamil-Bold.otf
Postprocessing font output/Noto Serif Tamil/unhinted/otf/NotoSerifTamil-Bold.otf
Created static font output/Noto Serif Tamil/unhinted/otf/NotoSerifTamil-Condensed.otf
Postprocessing font output/Noto Serif Tamil/unhinted/otf/NotoSerifTamil-Condensed.otf
Created static font output/Noto Serif Tamil/unhinted/otf/NotoSerifTamil-ExtraCondensedSemiBold.otf
Postprocessing font output/Noto Serif Tamil/unhinted/otf/NotoSerifTamil-ExtraCondensedSemiBold.otf
Created static font output/Noto Serif Tamil/unhinted/otf/NotoSerifTamil-CondensedExtraLight.otf
Postprocessing font output/Noto Serif Tamil/unhinted/otf/NotoSerifTamil-CondensedExtraLight.otf
Created static font output/Noto Serif Tamil/unhinted/otf/NotoSerifTamil-CondensedBlack.otf
Postprocessing font output/Noto Serif Tamil/unhinted/otf/NotoSerifTamil-CondensedBlack.otf
Created static font output/Noto Serif Tamil/unhinted/otf/NotoSerifTamil-Black.otf
Postprocessing font output/Noto Serif Tamil/unhinted/otf/NotoSerifTamil-Black.otf
Created static font output/Noto Serif Tamil/unhinted/otf/NotoSerifTamil-ExtraCondensedBlack.otf
Postprocessing font output/Noto Serif Tamil/unhinted/otf/NotoSerifTamil-ExtraCondensedBlack.otf
Created static font output/Noto Serif Tamil/unhinted/otf/NotoSerifTamil-ExtraCondensedThin.otf
Postprocessing font output/Noto Serif Tamil/unhinted/otf/NotoSerifTamil-ExtraCondensedThin.otf
Created static font output/Noto Serif Tamil/unhinted/otf/NotoSerifTamil-CondensedMedium.otf
Postprocessing font output/Noto Serif Tamil/unhinted/otf/NotoSerifTamil-CondensedMedium.otf
Created static font output/Noto Serif Tamil/unhinted/otf/NotoSerifTamil-Medium.otf
Postprocessing font output/Noto Serif Tamil/unhinted/otf/NotoSerifTamil-Medium.otf
Created static font output/Noto Serif Tamil/unhinted/otf/NotoSerifTamil-ExtraBold.otf
Postprocessing font output/Noto Serif Tamil/unhinted/otf/NotoSerifTamil-ExtraBold.otf
Created static font output/Noto Serif Tamil/unhinted/otf/NotoSerifTamil-ExtraCondensedExtraLight.otf
Postprocessing font output/Noto Serif Tamil/unhinted/otf/NotoSerifTamil-ExtraCondensedExtraLight.otf
Created static font output/Noto Serif Tamil/unhinted/otf/NotoSerifTamil-CondensedThin.otf
Postprocessing font output/Noto Serif Tamil/unhinted/otf/NotoSerifTamil-CondensedThin.otf
Created static font output/Noto Serif Tamil/unhinted/otf/NotoSerifTamil-ExtraCondensedMedium.otf
Postprocessing font output/Noto Serif Tamil/unhinted/otf/NotoSerifTamil-ExtraCondensedMedium.otf
Created static font output/Noto Serif Tamil/unhinted/otf/NotoSerifTamil-SemiCondensedThin.otf
Postprocessing font output/Noto Serif Tamil/unhinted/otf/NotoSerifTamil-SemiCondensedThin.otf
Created static font output/Noto Serif Tamil/unhinted/otf/NotoSerifTamil-Regular.otf
Postprocessing font output/Noto Serif Tamil/unhinted/otf/NotoSerifTamil-Regular.otf
Created static font output/Noto Serif Tamil/unhinted/otf/NotoSerifTamil-SemiCondensed.otf
Postprocessing font output/Noto Serif Tamil/unhinted/otf/NotoSerifTamil-SemiCondensed.otf
Created static font output/Noto Serif Tamil/unhinted/otf/NotoSerifTamil-Light.otf
Postprocessing font output/Noto Serif Tamil/unhinted/otf/NotoSerifTamil-Light.otf
Created static font output/Noto Serif Tamil/unhinted/otf/NotoSerifTamil-SemiCondensedSemiBold.otf
Postprocessing font output/Noto Serif Tamil/unhinted/otf/NotoSerifTamil-SemiCondensedSemiBold.otf
Created static font output/Noto Serif Tamil/unhinted/otf/NotoSerifTamil-CondensedExtraBold.otf
Postprocessing font output/Noto Serif Tamil/unhinted/otf/NotoSerifTamil-CondensedExtraBold.otf
Created static font output/Noto Serif Tamil/unhinted/otf/NotoSerifTamil-ExtraCondensedExtraBold.otf
Postprocessing font output/Noto Serif Tamil/unhinted/otf/NotoSerifTamil-ExtraCondensedExtraBold.otf
Created static font output/Noto Serif Tamil/unhinted/otf/NotoSerifTamil-CondensedSemiBold.otf
Postprocessing font output/Noto Serif Tamil/unhinted/otf/NotoSerifTamil-CondensedSemiBold.otf
Created static font output/Noto Serif Tamil/unhinted/otf/NotoSerifTamil-SemiCondensedLight.otf
Postprocessing font output/Noto Serif Tamil/unhinted/otf/NotoSerifTamil-SemiCondensedLight.otf
Created static font output/Noto Serif Tamil/unhinted/otf/NotoSerifTamil-SemiCondensedBlack.otf
Postprocessing font output/Noto Serif Tamil/unhinted/otf/NotoSerifTamil-SemiCondensedBlack.otf
Created static font output/Noto Serif Tamil/unhinted/otf/NotoSerifTamil-SemiCondensedExtraLight.otf
Postprocessing font output/Noto Serif Tamil/unhinted/otf/NotoSerifTamil-SemiCondensedExtraLight.otf
Created static font output/Noto Serif Tamil/unhinted/otf/NotoSerifTamil-Thin.otf
Postprocessing font output/Noto Serif Tamil/unhinted/otf/NotoSerifTamil-Thin.otf
Created static font output/Noto Serif Tamil/unhinted/otf/NotoSerifTamil-CondensedLight.otf
Postprocessing font output/Noto Serif Tamil/unhinted/otf/NotoSerifTamil-CondensedLight.otf
Created static font output/Noto Serif Tamil/unhinted/otf/NotoSerifTamil-ExtraLight.otf
Postprocessing font output/Noto Serif Tamil/unhinted/otf/NotoSerifTamil-ExtraLight.otf
Created static font output/Noto Serif Tamil/unhinted/otf/NotoSerifTamil-ExtraCondensedLight.otf
Postprocessing font output/Noto Serif Tamil/unhinted/otf/NotoSerifTamil-ExtraCondensedLight.otf
Created static font output/Noto Serif Tamil/unhinted/otf/NotoSerifTamil-SemiCondensedBold.otf
Postprocessing font output/Noto Serif Tamil/unhinted/otf/NotoSerifTamil-SemiCondensedBold.otf
Created static font output/Noto Serif Tamil/unhinted/otf/NotoSerifTamil-CondensedBold.otf
Postprocessing font output/Noto Serif Tamil/unhinted/otf/NotoSerifTamil-CondensedBold.otf
Created static font output/Noto Serif Tamil/unhinted/otf/NotoSerifTamil-SemiCondensedMedium.otf
Postprocessing font output/Noto Serif Tamil/unhinted/otf/NotoSerifTamil-SemiCondensedMedium.otf
Created static font output/Noto Serif Tamil/unhinted/otf/NotoSerifTamil-ExtraCondensed.otf
Postprocessing font output/Noto Serif Tamil/unhinted/otf/NotoSerifTamil-ExtraCondensed.otf
Created static font output/Noto Serif Tamil/unhinted/otf/NotoSerifTamil-SemiCondensedExtraBold.otf
Postprocessing font output/Noto Serif Tamil/unhinted/otf/NotoSerifTamil-SemiCondensedExtraBold.otf
Created static font output/Noto Serif Tamil/unhinted/otf/NotoSerifTamil-ExtraCondensedBold.otf
Postprocessing font output/Noto Serif Tamil/unhinted/otf/NotoSerifTamil-ExtraCondensedBold.otf
Creating static fonts from src/NotoSerifTamil/NotoSerifTamil.designspace
Created static font output/Noto Serif Tamil/unhinted/ttf/NotoSerifTamil-Bold.ttf
Postprocessing font output/Noto Serif Tamil/unhinted/ttf/NotoSerifTamil-Bold.ttf
Created static font output/Noto Serif Tamil/unhinted/ttf/NotoSerifTamil-Condensed.ttf
Postprocessing font output/Noto Serif Tamil/unhinted/ttf/NotoSerifTamil-Condensed.ttf
Created static font output/Noto Serif Tamil/unhinted/ttf/NotoSerifTamil-ExtraCondensedBold.ttf
Postprocessing font output/Noto Serif Tamil/unhinted/ttf/NotoSerifTamil-ExtraCondensedBold.ttf
Created static font output/Noto Serif Tamil/unhinted/ttf/NotoSerifTamil-ExtraLight.ttf
Postprocessing font output/Noto Serif Tamil/unhinted/ttf/NotoSerifTamil-ExtraLight.ttf
Created static font output/Noto Serif Tamil/unhinted/ttf/NotoSerifTamil-SemiCondensedBold.ttf
Postprocessing font output/Noto Serif Tamil/unhinted/ttf/NotoSerifTamil-SemiCondensedBold.ttf
Created static font output/Noto Serif Tamil/unhinted/ttf/NotoSerifTamil-Black.ttf
Postprocessing font output/Noto Serif Tamil/unhinted/ttf/NotoSerifTamil-Black.ttf
Created static font output/Noto Serif Tamil/unhinted/ttf/NotoSerifTamil-Light.ttf
Postprocessing font output/Noto Serif Tamil/unhinted/ttf/NotoSerifTamil-Light.ttf
Created static font output/Noto Serif Tamil/unhinted/ttf/NotoSerifTamil-CondensedMedium.ttf
Postprocessing font output/Noto Serif Tamil/unhinted/ttf/NotoSerifTamil-CondensedMedium.ttf
Created static font output/Noto Serif Tamil/unhinted/ttf/NotoSerifTamil-SemiCondensedLight.ttf
Postprocessing font output/Noto Serif Tamil/unhinted/ttf/NotoSerifTamil-SemiCondensedLight.ttf
Created static font output/Noto Serif Tamil/unhinted/ttf/NotoSerifTamil-SemiCondensedExtraLight.ttf
Postprocessing font output/Noto Serif Tamil/unhinted/ttf/NotoSerifTamil-SemiCondensedExtraLight.ttf
Created static font output/Noto Serif Tamil/unhinted/ttf/NotoSerifTamil-SemiCondensedMedium.ttf
Postprocessing font output/Noto Serif Tamil/unhinted/ttf/NotoSerifTamil-SemiCondensedMedium.ttf
Created static font output/Noto Serif Tamil/unhinted/ttf/NotoSerifTamil-CondensedSemiBold.ttf
Postprocessing font output/Noto Serif Tamil/unhinted/ttf/NotoSerifTamil-CondensedSemiBold.ttf
Created static font output/Noto Serif Tamil/unhinted/ttf/NotoSerifTamil-CondensedLight.ttf
Postprocessing font output/Noto Serif Tamil/unhinted/ttf/NotoSerifTamil-CondensedLight.ttf
Created static font output/Noto Serif Tamil/unhinted/ttf/NotoSerifTamil-Regular.ttf
Postprocessing font output/Noto Serif Tamil/unhinted/ttf/NotoSerifTamil-Regular.ttf
Created static font output/Noto Serif Tamil/unhinted/ttf/NotoSerifTamil-ExtraCondensedLight.ttf
Postprocessing font output/Noto Serif Tamil/unhinted/ttf/NotoSerifTamil-ExtraCondensedLight.ttf
Created static font output/Noto Serif Tamil/unhinted/ttf/NotoSerifTamil-CondensedBlack.ttf
Postprocessing font output/Noto Serif Tamil/unhinted/ttf/NotoSerifTamil-CondensedBlack.ttf
Created static font output/Noto Serif Tamil/unhinted/ttf/NotoSerifTamil-ExtraCondensedThin.ttf
Postprocessing font output/Noto Serif Tamil/unhinted/ttf/NotoSerifTamil-ExtraCondensedThin.ttf
Created static font output/Noto Serif Tamil/unhinted/ttf/NotoSerifTamil-ExtraCondensedExtraBold.ttf
Postprocessing font output/Noto Serif Tamil/unhinted/ttf/NotoSerifTamil-ExtraCondensedExtraBold.ttf
Created static font output/Noto Serif Tamil/unhinted/ttf/NotoSerifTamil-ExtraCondensed.ttf
Postprocessing font output/Noto Serif Tamil/unhinted/ttf/NotoSerifTamil-ExtraCondensed.ttf
Created static font output/Noto Serif Tamil/unhinted/ttf/NotoSerifTamil-ExtraCondensedExtraLight.ttf
Postprocessing font output/Noto Serif Tamil/unhinted/ttf/NotoSerifTamil-ExtraCondensedExtraLight.ttf
Created static font output/Noto Serif Tamil/unhinted/ttf/NotoSerifTamil-Medium.ttf
Postprocessing font output/Noto Serif Tamil/unhinted/ttf/NotoSerifTamil-Medium.ttf
Created static font output/Noto Serif Tamil/unhinted/ttf/NotoSerifTamil-SemiCondensed.ttf
Postprocessing font output/Noto Serif Tamil/unhinted/ttf/NotoSerifTamil-SemiCondensed.ttf
Created static font output/Noto Serif Tamil/unhinted/ttf/NotoSerifTamil-SemiBold.ttf
Postprocessing font output/Noto Serif Tamil/unhinted/ttf/NotoSerifTamil-SemiBold.ttf
Created static font output/Noto Serif Tamil/unhinted/ttf/NotoSerifTamil-SemiCondensedThin.ttf
Postprocessing font output/Noto Serif Tamil/unhinted/ttf/NotoSerifTamil-SemiCondensedThin.ttf
Created static font output/Noto Serif Tamil/unhinted/ttf/NotoSerifTamil-ExtraCondensedSemiBold.ttf
Postprocessing font output/Noto Serif Tamil/unhinted/ttf/NotoSerifTamil-ExtraCondensedSemiBold.ttf
Created static font output/Noto Serif Tamil/unhinted/ttf/NotoSerifTamil-CondensedBold.ttf
Postprocessing font output/Noto Serif Tamil/unhinted/ttf/NotoSerifTamil-CondensedBold.ttf
Created static font output/Noto Serif Tamil/unhinted/ttf/NotoSerifTamil-CondensedExtraBold.ttf
Postprocessing font output/Noto Serif Tamil/unhinted/ttf/NotoSerifTamil-CondensedExtraBold.ttf
Created static font output/Noto Serif Tamil/unhinted/ttf/NotoSerifTamil-ExtraCondensedMedium.ttf
Postprocessing font output/Noto Serif Tamil/unhinted/ttf/NotoSerifTamil-ExtraCondensedMedium.ttf
Created static font output/Noto Serif Tamil/unhinted/ttf/NotoSerifTamil-SemiCondensedSemiBold.ttf
Postprocessing font output/Noto Serif Tamil/unhinted/ttf/NotoSerifTamil-SemiCondensedSemiBold.ttf
Created static font output/Noto Serif Tamil/unhinted/ttf/NotoSerifTamil-ExtraCondensedBlack.ttf
Postprocessing font output/Noto Serif Tamil/unhinted/ttf/NotoSerifTamil-ExtraCondensedBlack.ttf
Created static font output/Noto Serif Tamil/unhinted/ttf/NotoSerifTamil-ExtraBold.ttf
Postprocessing font output/Noto Serif Tamil/unhinted/ttf/NotoSerifTamil-ExtraBold.ttf
Created static font output/Noto Serif Tamil/unhinted/ttf/NotoSerifTamil-SemiCondensedExtraBold.ttf
Postprocessing font output/Noto Serif Tamil/unhinted/ttf/NotoSerifTamil-SemiCondensedExtraBold.ttf
Created static font output/Noto Serif Tamil/unhinted/ttf/NotoSerifTamil-SemiCondensedBlack.ttf
Postprocessing font output/Noto Serif Tamil/unhinted/ttf/NotoSerifTamil-SemiCondensedBlack.ttf
Created static font output/Noto Serif Tamil/unhinted/ttf/NotoSerifTamil-Thin.ttf
Postprocessing font output/Noto Serif Tamil/unhinted/ttf/NotoSerifTamil-Thin.ttf
Created static font output/Noto Serif Tamil/unhinted/ttf/NotoSerifTamil-CondensedExtraLight.ttf
Postprocessing font output/Noto Serif Tamil/unhinted/ttf/NotoSerifTamil-CondensedExtraLight.ttf
Created static font output/Noto Serif Tamil/unhinted/ttf/NotoSerifTamil-CondensedThin.ttf
Postprocessing font output/Noto Serif Tamil/unhinted/ttf/NotoSerifTamil-CondensedThin.ttf
Building variable, static completed. All done!
