Creating variable fonts from src/NotoSansMyanmarUI-MM.glyphs
Postprocessing font output/Noto Sans Myanmar UI/unhinted/variable-ttf/NotoSansMyanmarUI-MM[wdth,wght].ttf
Creating static fonts from src/NotoSansMyanmarUI-MM.glyphs
Created static font output/Noto Sans Myanmar UI/unhinted/otf/NotoSansMyanmarUI-CondensedSemiBold.otf
Postprocessing font output/Noto Sans Myanmar UI/unhinted/otf/NotoSansMyanmarUI-CondensedSemiBold.otf
Created static font output/Noto Sans Myanmar UI/unhinted/otf/NotoSansMyanmarUI-CondensedExtraBold.otf
Postprocessing font output/Noto Sans Myanmar UI/unhinted/otf/NotoSansMyanmarUI-CondensedExtraBold.otf
Created static font output/Noto Sans Myanmar UI/unhinted/otf/NotoSansMyanmarUI-ExtraCondensedSemiBold.otf
Postprocessing font output/Noto Sans Myanmar UI/unhinted/otf/NotoSansMyanmarUI-ExtraCondensedSemiBold.otf
Created static font output/Noto Sans Myanmar UI/unhinted/otf/NotoSansMyanmarUI-SemiCondensed.otf
Postprocessing font output/Noto Sans Myanmar UI/unhinted/otf/NotoSansMyanmarUI-SemiCondensed.otf
Created static font output/Noto Sans Myanmar UI/unhinted/otf/NotoSansMyanmarUI-ExtraCondensedBlack.otf
Postprocessing font output/Noto Sans Myanmar UI/unhinted/otf/NotoSansMyanmarUI-ExtraCondensedBlack.otf
Created static font output/Noto Sans Myanmar UI/unhinted/otf/NotoSansMyanmarUI-SemiCondensedSemiBold.otf
Postprocessing font output/Noto Sans Myanmar UI/unhinted/otf/NotoSansMyanmarUI-SemiCondensedSemiBold.otf
Created static font output/Noto Sans Myanmar UI/unhinted/otf/NotoSansMyanmarUI-CondensedBlack.otf
Postprocessing font output/Noto Sans Myanmar UI/unhinted/otf/NotoSansMyanmarUI-CondensedBlack.otf
Created static font output/Noto Sans Myanmar UI/unhinted/otf/NotoSansMyanmarUI-CondensedExtraLight.otf
Postprocessing font output/Noto Sans Myanmar UI/unhinted/otf/NotoSansMyanmarUI-CondensedExtraLight.otf
Created static font output/Noto Sans Myanmar UI/unhinted/otf/NotoSansMyanmarUI-SemiCondensedExtraLight.otf
Postprocessing font output/Noto Sans Myanmar UI/unhinted/otf/NotoSansMyanmarUI-SemiCondensedExtraLight.otf
Created static font output/Noto Sans Myanmar UI/unhinted/otf/NotoSansMyanmarUI-ExtraLight.otf
Postprocessing font output/Noto Sans Myanmar UI/unhinted/otf/NotoSansMyanmarUI-ExtraLight.otf
Created static font output/Noto Sans Myanmar UI/unhinted/otf/NotoSansMyanmarUI-Light.otf
Postprocessing font output/Noto Sans Myanmar UI/unhinted/otf/NotoSansMyanmarUI-Light.otf
Created static font output/Noto Sans Myanmar UI/unhinted/otf/NotoSansMyanmarUI-SemiBold.otf
Postprocessing font output/Noto Sans Myanmar UI/unhinted/otf/NotoSansMyanmarUI-SemiBold.otf
Created static font output/Noto Sans Myanmar UI/unhinted/otf/NotoSansMyanmarUI-CondensedBold.otf
Postprocessing font output/Noto Sans Myanmar UI/unhinted/otf/NotoSansMyanmarUI-CondensedBold.otf
Created static font output/Noto Sans Myanmar UI/unhinted/otf/NotoSansMyanmarUI-ExtraCondensed.otf
Postprocessing font output/Noto Sans Myanmar UI/unhinted/otf/NotoSansMyanmarUI-ExtraCondensed.otf
Created static font output/Noto Sans Myanmar UI/unhinted/otf/NotoSansMyanmarUI-Regular.otf
Postprocessing font output/Noto Sans Myanmar UI/unhinted/otf/NotoSansMyanmarUI-Regular.otf
Created static font output/Noto Sans Myanmar UI/unhinted/otf/NotoSansMyanmarUI-Black.otf
Postprocessing font output/Noto Sans Myanmar UI/unhinted/otf/NotoSansMyanmarUI-Black.otf
Created static font output/Noto Sans Myanmar UI/unhinted/otf/NotoSansMyanmarUI-SemiCondensedExtraBold.otf
Postprocessing font output/Noto Sans Myanmar UI/unhinted/otf/NotoSansMyanmarUI-SemiCondensedExtraBold.otf
Created static font output/Noto Sans Myanmar UI/unhinted/otf/NotoSansMyanmarUI-SemiCondensedBlack.otf
Postprocessing font output/Noto Sans Myanmar UI/unhinted/otf/NotoSansMyanmarUI-SemiCondensedBlack.otf
Created static font output/Noto Sans Myanmar UI/unhinted/otf/NotoSansMyanmarUI-SemiCondensedLight.otf
Postprocessing font output/Noto Sans Myanmar UI/unhinted/otf/NotoSansMyanmarUI-SemiCondensedLight.otf
Created static font output/Noto Sans Myanmar UI/unhinted/otf/NotoSansMyanmarUI-ExtraCondensedThin.otf
Postprocessing font output/Noto Sans Myanmar UI/unhinted/otf/NotoSansMyanmarUI-ExtraCondensedThin.otf
Created static font output/Noto Sans Myanmar UI/unhinted/otf/NotoSansMyanmarUI-CondensedMedium.otf
Postprocessing font output/Noto Sans Myanmar UI/unhinted/otf/NotoSansMyanmarUI-CondensedMedium.otf
Created static font output/Noto Sans Myanmar UI/unhinted/otf/NotoSansMyanmarUI-SemiCondensedThin.otf
Postprocessing font output/Noto Sans Myanmar UI/unhinted/otf/NotoSansMyanmarUI-SemiCondensedThin.otf
Created static font output/Noto Sans Myanmar UI/unhinted/otf/NotoSansMyanmarUI-ExtraCondensedLight.otf
Postprocessing font output/Noto Sans Myanmar UI/unhinted/otf/NotoSansMyanmarUI-ExtraCondensedLight.otf
Created static font output/Noto Sans Myanmar UI/unhinted/otf/NotoSansMyanmarUI-Bold.otf
Postprocessing font output/Noto Sans Myanmar UI/unhinted/otf/NotoSansMyanmarUI-Bold.otf
Created static font output/Noto Sans Myanmar UI/unhinted/otf/NotoSansMyanmarUI-ExtraCondensedExtraBold.otf
Postprocessing font output/Noto Sans Myanmar UI/unhinted/otf/NotoSansMyanmarUI-ExtraCondensedExtraBold.otf
Created static font output/Noto Sans Myanmar UI/unhinted/otf/NotoSansMyanmarUI-ExtraCondensedMedium.otf
Postprocessing font output/Noto Sans Myanmar UI/unhinted/otf/NotoSansMyanmarUI-ExtraCondensedMedium.otf
Created static font output/Noto Sans Myanmar UI/unhinted/otf/NotoSansMyanmarUI-Condensed.otf
Postprocessing font output/Noto Sans Myanmar UI/unhinted/otf/NotoSansMyanmarUI-Condensed.otf
Created static font output/Noto Sans Myanmar UI/unhinted/otf/NotoSansMyanmarUI-ExtraCondensedBold.otf
Postprocessing font output/Noto Sans Myanmar UI/unhinted/otf/NotoSansMyanmarUI-ExtraCondensedBold.otf
Created static font output/Noto Sans Myanmar UI/unhinted/otf/NotoSansMyanmarUI-ExtraCondensedExtraLight.otf
Postprocessing font output/Noto Sans Myanmar UI/unhinted/otf/NotoSansMyanmarUI-ExtraCondensedExtraLight.otf
Created static font output/Noto Sans Myanmar UI/unhinted/otf/NotoSansMyanmarUI-SemiCondensedMedium.otf
Postprocessing font output/Noto Sans Myanmar UI/unhinted/otf/NotoSansMyanmarUI-SemiCondensedMedium.otf
Created static font output/Noto Sans Myanmar UI/unhinted/otf/NotoSansMyanmarUI-Thin.otf
Postprocessing font output/Noto Sans Myanmar UI/unhinted/otf/NotoSansMyanmarUI-Thin.otf
Created static font output/Noto Sans Myanmar UI/unhinted/otf/NotoSansMyanmarUI-SemiCondensedBold.otf
Postprocessing font output/Noto Sans Myanmar UI/unhinted/otf/NotoSansMyanmarUI-SemiCondensedBold.otf
Created static font output/Noto Sans Myanmar UI/unhinted/otf/NotoSansMyanmarUI-CondensedThin.otf
Postprocessing font output/Noto Sans Myanmar UI/unhinted/otf/NotoSansMyanmarUI-CondensedThin.otf
Created static font output/Noto Sans Myanmar UI/unhinted/otf/NotoSansMyanmarUI-ExtraBold.otf
Postprocessing font output/Noto Sans Myanmar UI/unhinted/otf/NotoSansMyanmarUI-ExtraBold.otf
Created static font output/Noto Sans Myanmar UI/unhinted/otf/NotoSansMyanmarUI-Medium.otf
Postprocessing font output/Noto Sans Myanmar UI/unhinted/otf/NotoSansMyanmarUI-Medium.otf
Created static font output/Noto Sans Myanmar UI/unhinted/otf/NotoSansMyanmarUI-CondensedLight.otf
Postprocessing font output/Noto Sans Myanmar UI/unhinted/otf/NotoSansMyanmarUI-CondensedLight.otf
Creating static fonts from src/NotoSansMyanmarUI-MM.glyphs
Created static font output/Noto Sans Myanmar UI/unhinted/ttf/NotoSansMyanmarUI-CondensedLight.ttf
Postprocessing font output/Noto Sans Myanmar UI/unhinted/ttf/NotoSansMyanmarUI-CondensedLight.ttf
Created static font output/Noto Sans Myanmar UI/unhinted/ttf/NotoSansMyanmarUI-CondensedExtraBold.ttf
Postprocessing font output/Noto Sans Myanmar UI/unhinted/ttf/NotoSansMyanmarUI-CondensedExtraBold.ttf
Created static font output/Noto Sans Myanmar UI/unhinted/ttf/NotoSansMyanmarUI-Thin.ttf
Postprocessing font output/Noto Sans Myanmar UI/unhinted/ttf/NotoSansMyanmarUI-Thin.ttf
Created static font output/Noto Sans Myanmar UI/unhinted/ttf/NotoSansMyanmarUI-ExtraCondensedBold.ttf
Postprocessing font output/Noto Sans Myanmar UI/unhinted/ttf/NotoSansMyanmarUI-ExtraCondensedBold.ttf
Created static font output/Noto Sans Myanmar UI/unhinted/ttf/NotoSansMyanmarUI-SemiCondensedExtraLight.ttf
Postprocessing font output/Noto Sans Myanmar UI/unhinted/ttf/NotoSansMyanmarUI-SemiCondensedExtraLight.ttf
Created static font output/Noto Sans Myanmar UI/unhinted/ttf/NotoSansMyanmarUI-SemiCondensedLight.ttf
Postprocessing font output/Noto Sans Myanmar UI/unhinted/ttf/NotoSansMyanmarUI-SemiCondensedLight.ttf
Created static font output/Noto Sans Myanmar UI/unhinted/ttf/NotoSansMyanmarUI-ExtraCondensed.ttf
Postprocessing font output/Noto Sans Myanmar UI/unhinted/ttf/NotoSansMyanmarUI-ExtraCondensed.ttf
Created static font output/Noto Sans Myanmar UI/unhinted/ttf/NotoSansMyanmarUI-SemiCondensed.ttf
Postprocessing font output/Noto Sans Myanmar UI/unhinted/ttf/NotoSansMyanmarUI-SemiCondensed.ttf
Created static font output/Noto Sans Myanmar UI/unhinted/ttf/NotoSansMyanmarUI-ExtraCondensedSemiBold.ttf
Postprocessing font output/Noto Sans Myanmar UI/unhinted/ttf/NotoSansMyanmarUI-ExtraCondensedSemiBold.ttf
Created static font output/Noto Sans Myanmar UI/unhinted/ttf/NotoSansMyanmarUI-SemiCondensedMedium.ttf
Postprocessing font output/Noto Sans Myanmar UI/unhinted/ttf/NotoSansMyanmarUI-SemiCondensedMedium.ttf
Created static font output/Noto Sans Myanmar UI/unhinted/ttf/NotoSansMyanmarUI-SemiCondensedBlack.ttf
Postprocessing font output/Noto Sans Myanmar UI/unhinted/ttf/NotoSansMyanmarUI-SemiCondensedBlack.ttf
Created static font output/Noto Sans Myanmar UI/unhinted/ttf/NotoSansMyanmarUI-Medium.ttf
Postprocessing font output/Noto Sans Myanmar UI/unhinted/ttf/NotoSansMyanmarUI-Medium.ttf
Created static font output/Noto Sans Myanmar UI/unhinted/ttf/NotoSansMyanmarUI-ExtraCondensedExtraBold.ttf
Postprocessing font output/Noto Sans Myanmar UI/unhinted/ttf/NotoSansMyanmarUI-ExtraCondensedExtraBold.ttf
Created static font output/Noto Sans Myanmar UI/unhinted/ttf/NotoSansMyanmarUI-CondensedSemiBold.ttf
Postprocessing font output/Noto Sans Myanmar UI/unhinted/ttf/NotoSansMyanmarUI-CondensedSemiBold.ttf
Created static font output/Noto Sans Myanmar UI/unhinted/ttf/NotoSansMyanmarUI-CondensedBold.ttf
Postprocessing font output/Noto Sans Myanmar UI/unhinted/ttf/NotoSansMyanmarUI-CondensedBold.ttf
Created static font output/Noto Sans Myanmar UI/unhinted/ttf/NotoSansMyanmarUI-CondensedThin.ttf
Postprocessing font output/Noto Sans Myanmar UI/unhinted/ttf/NotoSansMyanmarUI-CondensedThin.ttf
Created static font output/Noto Sans Myanmar UI/unhinted/ttf/NotoSansMyanmarUI-ExtraBold.ttf
Postprocessing font output/Noto Sans Myanmar UI/unhinted/ttf/NotoSansMyanmarUI-ExtraBold.ttf
Created static font output/Noto Sans Myanmar UI/unhinted/ttf/NotoSansMyanmarUI-CondensedMedium.ttf
Postprocessing font output/Noto Sans Myanmar UI/unhinted/ttf/NotoSansMyanmarUI-CondensedMedium.ttf
Created static font output/Noto Sans Myanmar UI/unhinted/ttf/NotoSansMyanmarUI-SemiCondensedBold.ttf
Postprocessing font output/Noto Sans Myanmar UI/unhinted/ttf/NotoSansMyanmarUI-SemiCondensedBold.ttf
Created static font output/Noto Sans Myanmar UI/unhinted/ttf/NotoSansMyanmarUI-ExtraLight.ttf
Postprocessing font output/Noto Sans Myanmar UI/unhinted/ttf/NotoSansMyanmarUI-ExtraLight.ttf
Created static font output/Noto Sans Myanmar UI/unhinted/ttf/NotoSansMyanmarUI-SemiCondensedExtraBold.ttf
Postprocessing font output/Noto Sans Myanmar UI/unhinted/ttf/NotoSansMyanmarUI-SemiCondensedExtraBold.ttf
Created static font output/Noto Sans Myanmar UI/unhinted/ttf/NotoSansMyanmarUI-CondensedExtraLight.ttf
Postprocessing font output/Noto Sans Myanmar UI/unhinted/ttf/NotoSansMyanmarUI-CondensedExtraLight.ttf
Created static font output/Noto Sans Myanmar UI/unhinted/ttf/NotoSansMyanmarUI-SemiCondensedSemiBold.ttf
Postprocessing font output/Noto Sans Myanmar UI/unhinted/ttf/NotoSansMyanmarUI-SemiCondensedSemiBold.ttf
Created static font output/Noto Sans Myanmar UI/unhinted/ttf/NotoSansMyanmarUI-ExtraCondensedLight.ttf
Postprocessing font output/Noto Sans Myanmar UI/unhinted/ttf/NotoSansMyanmarUI-ExtraCondensedLight.ttf
Created static font output/Noto Sans Myanmar UI/unhinted/ttf/NotoSansMyanmarUI-CondensedBlack.ttf
Postprocessing font output/Noto Sans Myanmar UI/unhinted/ttf/NotoSansMyanmarUI-CondensedBlack.ttf
Created static font output/Noto Sans Myanmar UI/unhinted/ttf/NotoSansMyanmarUI-Regular.ttf
Postprocessing font output/Noto Sans Myanmar UI/unhinted/ttf/NotoSansMyanmarUI-Regular.ttf
Created static font output/Noto Sans Myanmar UI/unhinted/ttf/NotoSansMyanmarUI-SemiBold.ttf
Postprocessing font output/Noto Sans Myanmar UI/unhinted/ttf/NotoSansMyanmarUI-SemiBold.ttf
Created static font output/Noto Sans Myanmar UI/unhinted/ttf/NotoSansMyanmarUI-ExtraCondensedMedium.ttf
Postprocessing font output/Noto Sans Myanmar UI/unhinted/ttf/NotoSansMyanmarUI-ExtraCondensedMedium.ttf
Created static font output/Noto Sans Myanmar UI/unhinted/ttf/NotoSansMyanmarUI-Light.ttf
Postprocessing font output/Noto Sans Myanmar UI/unhinted/ttf/NotoSansMyanmarUI-Light.ttf
Created static font output/Noto Sans Myanmar UI/unhinted/ttf/NotoSansMyanmarUI-ExtraCondensedExtraLight.ttf
Postprocessing font output/Noto Sans Myanmar UI/unhinted/ttf/NotoSansMyanmarUI-ExtraCondensedExtraLight.ttf
Created static font output/Noto Sans Myanmar UI/unhinted/ttf/NotoSansMyanmarUI-Bold.ttf
Postprocessing font output/Noto Sans Myanmar UI/unhinted/ttf/NotoSansMyanmarUI-Bold.ttf
Created static font output/Noto Sans Myanmar UI/unhinted/ttf/NotoSansMyanmarUI-Black.ttf
Postprocessing font output/Noto Sans Myanmar UI/unhinted/ttf/NotoSansMyanmarUI-Black.ttf
Created static font output/Noto Sans Myanmar UI/unhinted/ttf/NotoSansMyanmarUI-ExtraCondensedBlack.ttf
Postprocessing font output/Noto Sans Myanmar UI/unhinted/ttf/NotoSansMyanmarUI-ExtraCondensedBlack.ttf
Created static font output/Noto Sans Myanmar UI/unhinted/ttf/NotoSansMyanmarUI-SemiCondensedThin.ttf
Postprocessing font output/Noto Sans Myanmar UI/unhinted/ttf/NotoSansMyanmarUI-SemiCondensedThin.ttf
Created static font output/Noto Sans Myanmar UI/unhinted/ttf/NotoSansMyanmarUI-Condensed.ttf
Postprocessing font output/Noto Sans Myanmar UI/unhinted/ttf/NotoSansMyanmarUI-Condensed.ttf
Created static font output/Noto Sans Myanmar UI/unhinted/ttf/NotoSansMyanmarUI-ExtraCondensedThin.ttf
Postprocessing font output/Noto Sans Myanmar UI/unhinted/ttf/NotoSansMyanmarUI-ExtraCondensedThin.ttf
Building variable, static completed. All done!
Removing auxiliary dirs/files {'instance_ufo', 'master_ufo'}
