Creating variable fonts from src/NotoSansThai/NotoSansThai.designspace
Postprocessing font output/Noto Sans Thai/unhinted/variable-ttf/NotoSansThai[wdth,wght].ttf
Cannot remove tables '['MVAR']' since they are not in the font.
Creating static fonts from src/NotoSansThai/NotoSansThai.designspace
Created static font output/Noto Sans Thai/unhinted/otf/NotoSansThai-CondensedExtraBold.otf
Postprocessing font output/Noto Sans Thai/unhinted/otf/NotoSansThai-CondensedExtraBold.otf
Created static font output/Noto Sans Thai/unhinted/otf/NotoSansThai-ExtraCondensedExtraLight.otf
Postprocessing font output/Noto Sans Thai/unhinted/otf/NotoSansThai-ExtraCondensedExtraLight.otf
Created static font output/Noto Sans Thai/unhinted/otf/NotoSansThai-Light.otf
Postprocessing font output/Noto Sans Thai/unhinted/otf/NotoSansThai-Light.otf
Created static font output/Noto Sans Thai/unhinted/otf/NotoSansThai-CondensedLight.otf
Postprocessing font output/Noto Sans Thai/unhinted/otf/NotoSansThai-CondensedLight.otf
Created static font output/Noto Sans Thai/unhinted/otf/NotoSansThai-SemiBold.otf
Postprocessing font output/Noto Sans Thai/unhinted/otf/NotoSansThai-SemiBold.otf
Created static font output/Noto Sans Thai/unhinted/otf/NotoSansThai-ExtraCondensedSemiBold.otf
Postprocessing font output/Noto Sans Thai/unhinted/otf/NotoSansThai-ExtraCondensedSemiBold.otf
Created static font output/Noto Sans Thai/unhinted/otf/NotoSansThai-ExtraCondensed.otf
Postprocessing font output/Noto Sans Thai/unhinted/otf/NotoSansThai-ExtraCondensed.otf
Created static font output/Noto Sans Thai/unhinted/otf/NotoSansThai-SemiCondensedBold.otf
Postprocessing font output/Noto Sans Thai/unhinted/otf/NotoSansThai-SemiCondensedBold.otf
Created static font output/Noto Sans Thai/unhinted/otf/NotoSansThai-SemiCondensedExtraLight.otf
Postprocessing font output/Noto Sans Thai/unhinted/otf/NotoSansThai-SemiCondensedExtraLight.otf
Created static font output/Noto Sans Thai/unhinted/otf/NotoSansThai-CondensedSemiBold.otf
Postprocessing font output/Noto Sans Thai/unhinted/otf/NotoSansThai-CondensedSemiBold.otf
Created static font output/Noto Sans Thai/unhinted/otf/NotoSansThai-ExtraBold.otf
Postprocessing font output/Noto Sans Thai/unhinted/otf/NotoSansThai-ExtraBold.otf
Created static font output/Noto Sans Thai/unhinted/otf/NotoSansThai-CondensedExtraLight.otf
Postprocessing font output/Noto Sans Thai/unhinted/otf/NotoSansThai-CondensedExtraLight.otf
Created static font output/Noto Sans Thai/unhinted/otf/NotoSansThai-SemiCondensedThin.otf
Postprocessing font output/Noto Sans Thai/unhinted/otf/NotoSansThai-SemiCondensedThin.otf
Created static font output/Noto Sans Thai/unhinted/otf/NotoSansThai-SemiCondensedSemiBold.otf
Postprocessing font output/Noto Sans Thai/unhinted/otf/NotoSansThai-SemiCondensedSemiBold.otf
Created static font output/Noto Sans Thai/unhinted/otf/NotoSansThai-SemiCondensedLight.otf
Postprocessing font output/Noto Sans Thai/unhinted/otf/NotoSansThai-SemiCondensedLight.otf
Created static font output/Noto Sans Thai/unhinted/otf/NotoSansThai-SemiCondensedExtraBold.otf
Postprocessing font output/Noto Sans Thai/unhinted/otf/NotoSansThai-SemiCondensedExtraBold.otf
Created static font output/Noto Sans Thai/unhinted/otf/NotoSansThai-ExtraCondensedLight.otf
Postprocessing font output/Noto Sans Thai/unhinted/otf/NotoSansThai-ExtraCondensedLight.otf
Created static font output/Noto Sans Thai/unhinted/otf/NotoSansThai-CondensedBlack.otf
Postprocessing font output/Noto Sans Thai/unhinted/otf/NotoSansThai-CondensedBlack.otf
Created static font output/Noto Sans Thai/unhinted/otf/NotoSansThai-ExtraCondensedBlack.otf
Postprocessing font output/Noto Sans Thai/unhinted/otf/NotoSansThai-ExtraCondensedBlack.otf
Created static font output/Noto Sans Thai/unhinted/otf/NotoSansThai-CondensedMedium.otf
Postprocessing font output/Noto Sans Thai/unhinted/otf/NotoSansThai-CondensedMedium.otf
Created static font output/Noto Sans Thai/unhinted/otf/NotoSansThai-Medium.otf
Postprocessing font output/Noto Sans Thai/unhinted/otf/NotoSansThai-Medium.otf
Created static font output/Noto Sans Thai/unhinted/otf/NotoSansThai-ExtraCondensedExtraBold.otf
Postprocessing font output/Noto Sans Thai/unhinted/otf/NotoSansThai-ExtraCondensedExtraBold.otf
Created static font output/Noto Sans Thai/unhinted/otf/NotoSansThai-ExtraCondensedMedium.otf
Postprocessing font output/Noto Sans Thai/unhinted/otf/NotoSansThai-ExtraCondensedMedium.otf
Created static font output/Noto Sans Thai/unhinted/otf/NotoSansThai-Bold.otf
Postprocessing font output/Noto Sans Thai/unhinted/otf/NotoSansThai-Bold.otf
Created static font output/Noto Sans Thai/unhinted/otf/NotoSansThai-CondensedBold.otf
Postprocessing font output/Noto Sans Thai/unhinted/otf/NotoSansThai-CondensedBold.otf
Created static font output/Noto Sans Thai/unhinted/otf/NotoSansThai-ExtraCondensedBold.otf
Postprocessing font output/Noto Sans Thai/unhinted/otf/NotoSansThai-ExtraCondensedBold.otf
Created static font output/Noto Sans Thai/unhinted/otf/NotoSansThai-ExtraCondensedThin.otf
Postprocessing font output/Noto Sans Thai/unhinted/otf/NotoSansThai-ExtraCondensedThin.otf
Created static font output/Noto Sans Thai/unhinted/otf/NotoSansThai-ExtraLight.otf
Postprocessing font output/Noto Sans Thai/unhinted/otf/NotoSansThai-ExtraLight.otf
Created static font output/Noto Sans Thai/unhinted/otf/NotoSansThai-SemiCondensedBlack.otf
Postprocessing font output/Noto Sans Thai/unhinted/otf/NotoSansThai-SemiCondensedBlack.otf
Created static font output/Noto Sans Thai/unhinted/otf/NotoSansThai-Black.otf
Postprocessing font output/Noto Sans Thai/unhinted/otf/NotoSansThai-Black.otf
Created static font output/Noto Sans Thai/unhinted/otf/NotoSansThai-SemiCondensed.otf
Postprocessing font output/Noto Sans Thai/unhinted/otf/NotoSansThai-SemiCondensed.otf
Created static font output/Noto Sans Thai/unhinted/otf/NotoSansThai-SemiCondensedMedium.otf
Postprocessing font output/Noto Sans Thai/unhinted/otf/NotoSansThai-SemiCondensedMedium.otf
Created static font output/Noto Sans Thai/unhinted/otf/NotoSansThai-CondensedThin.otf
Postprocessing font output/Noto Sans Thai/unhinted/otf/NotoSansThai-CondensedThin.otf
Created static font output/Noto Sans Thai/unhinted/otf/NotoSansThai-Regular.otf
Postprocessing font output/Noto Sans Thai/unhinted/otf/NotoSansThai-Regular.otf
Created static font output/Noto Sans Thai/unhinted/otf/NotoSansThai-Condensed.otf
Postprocessing font output/Noto Sans Thai/unhinted/otf/NotoSansThai-Condensed.otf
Created static font output/Noto Sans Thai/unhinted/otf/NotoSansThai-Thin.otf
Postprocessing font output/Noto Sans Thai/unhinted/otf/NotoSansThai-Thin.otf
Creating static fonts from src/NotoSansThai/NotoSansThai.designspace
Created static font output/Noto Sans Thai/unhinted/ttf/NotoSansThai-ExtraCondensedLight.ttf
Postprocessing font output/Noto Sans Thai/unhinted/ttf/NotoSansThai-ExtraCondensedLight.ttf
Created static font output/Noto Sans Thai/unhinted/ttf/NotoSansThai-SemiCondensedExtraBold.ttf
Postprocessing font output/Noto Sans Thai/unhinted/ttf/NotoSansThai-SemiCondensedExtraBold.ttf
Created static font output/Noto Sans Thai/unhinted/ttf/NotoSansThai-SemiCondensedExtraLight.ttf
Postprocessing font output/Noto Sans Thai/unhinted/ttf/NotoSansThai-SemiCondensedExtraLight.ttf
Created static font output/Noto Sans Thai/unhinted/ttf/NotoSansThai-SemiCondensedSemiBold.ttf
Postprocessing font output/Noto Sans Thai/unhinted/ttf/NotoSansThai-SemiCondensedSemiBold.ttf
Created static font output/Noto Sans Thai/unhinted/ttf/NotoSansThai-ExtraCondensedBold.ttf
Postprocessing font output/Noto Sans Thai/unhinted/ttf/NotoSansThai-ExtraCondensedBold.ttf
Created static font output/Noto Sans Thai/unhinted/ttf/NotoSansThai-SemiCondensedBold.ttf
Postprocessing font output/Noto Sans Thai/unhinted/ttf/NotoSansThai-SemiCondensedBold.ttf
Created static font output/Noto Sans Thai/unhinted/ttf/NotoSansThai-CondensedThin.ttf
Postprocessing font output/Noto Sans Thai/unhinted/ttf/NotoSansThai-CondensedThin.ttf
Created static font output/Noto Sans Thai/unhinted/ttf/NotoSansThai-CondensedBold.ttf
Postprocessing font output/Noto Sans Thai/unhinted/ttf/NotoSansThai-CondensedBold.ttf
Created static font output/Noto Sans Thai/unhinted/ttf/NotoSansThai-Black.ttf
Postprocessing font output/Noto Sans Thai/unhinted/ttf/NotoSansThai-Black.ttf
Created static font output/Noto Sans Thai/unhinted/ttf/NotoSansThai-CondensedExtraBold.ttf
Postprocessing font output/Noto Sans Thai/unhinted/ttf/NotoSansThai-CondensedExtraBold.ttf
Created static font output/Noto Sans Thai/unhinted/ttf/NotoSansThai-Bold.ttf
Postprocessing font output/Noto Sans Thai/unhinted/ttf/NotoSansThai-Bold.ttf
Created static font output/Noto Sans Thai/unhinted/ttf/NotoSansThai-SemiCondensedLight.ttf
Postprocessing font output/Noto Sans Thai/unhinted/ttf/NotoSansThai-SemiCondensedLight.ttf
Created static font output/Noto Sans Thai/unhinted/ttf/NotoSansThai-Condensed.ttf
Postprocessing font output/Noto Sans Thai/unhinted/ttf/NotoSansThai-Condensed.ttf
Created static font output/Noto Sans Thai/unhinted/ttf/NotoSansThai-CondensedExtraLight.ttf
Postprocessing font output/Noto Sans Thai/unhinted/ttf/NotoSansThai-CondensedExtraLight.ttf
Created static font output/Noto Sans Thai/unhinted/ttf/NotoSansThai-Light.ttf
Postprocessing font output/Noto Sans Thai/unhinted/ttf/NotoSansThai-Light.ttf
Created static font output/Noto Sans Thai/unhinted/ttf/NotoSansThai-SemiCondensedThin.ttf
Postprocessing font output/Noto Sans Thai/unhinted/ttf/NotoSansThai-SemiCondensedThin.ttf
Created static font output/Noto Sans Thai/unhinted/ttf/NotoSansThai-Medium.ttf
Postprocessing font output/Noto Sans Thai/unhinted/ttf/NotoSansThai-Medium.ttf
Created static font output/Noto Sans Thai/unhinted/ttf/NotoSansThai-ExtraCondensedSemiBold.ttf
Postprocessing font output/Noto Sans Thai/unhinted/ttf/NotoSansThai-ExtraCondensedSemiBold.ttf
Created static font output/Noto Sans Thai/unhinted/ttf/NotoSansThai-ExtraCondensedThin.ttf
Postprocessing font output/Noto Sans Thai/unhinted/ttf/NotoSansThai-ExtraCondensedThin.ttf
Created static font output/Noto Sans Thai/unhinted/ttf/NotoSansThai-ExtraBold.ttf
Postprocessing font output/Noto Sans Thai/unhinted/ttf/NotoSansThai-ExtraBold.ttf
Created static font output/Noto Sans Thai/unhinted/ttf/NotoSansThai-SemiCondensedBlack.ttf
Postprocessing font output/Noto Sans Thai/unhinted/ttf/NotoSansThai-SemiCondensedBlack.ttf
Created static font output/Noto Sans Thai/unhinted/ttf/NotoSansThai-ExtraCondensedExtraBold.ttf
Postprocessing font output/Noto Sans Thai/unhinted/ttf/NotoSansThai-ExtraCondensedExtraBold.ttf
Created static font output/Noto Sans Thai/unhinted/ttf/NotoSansThai-SemiBold.ttf
Postprocessing font output/Noto Sans Thai/unhinted/ttf/NotoSansThai-SemiBold.ttf
Created static font output/Noto Sans Thai/unhinted/ttf/NotoSansThai-CondensedBlack.ttf
Postprocessing font output/Noto Sans Thai/unhinted/ttf/NotoSansThai-CondensedBlack.ttf
Created static font output/Noto Sans Thai/unhinted/ttf/NotoSansThai-SemiCondensed.ttf
Postprocessing font output/Noto Sans Thai/unhinted/ttf/NotoSansThai-SemiCondensed.ttf
Created static font output/Noto Sans Thai/unhinted/ttf/NotoSansThai-CondensedLight.ttf
Postprocessing font output/Noto Sans Thai/unhinted/ttf/NotoSansThai-CondensedLight.ttf
Created static font output/Noto Sans Thai/unhinted/ttf/NotoSansThai-ExtraCondensedMedium.ttf
Postprocessing font output/Noto Sans Thai/unhinted/ttf/NotoSansThai-ExtraCondensedMedium.ttf
Created static font output/Noto Sans Thai/unhinted/ttf/NotoSansThai-CondensedMedium.ttf
Postprocessing font output/Noto Sans Thai/unhinted/ttf/NotoSansThai-CondensedMedium.ttf
Created static font output/Noto Sans Thai/unhinted/ttf/NotoSansThai-ExtraCondensedBlack.ttf
Postprocessing font output/Noto Sans Thai/unhinted/ttf/NotoSansThai-ExtraCondensedBlack.ttf
Created static font output/Noto Sans Thai/unhinted/ttf/NotoSansThai-Thin.ttf
Postprocessing font output/Noto Sans Thai/unhinted/ttf/NotoSansThai-Thin.ttf
Created static font output/Noto Sans Thai/unhinted/ttf/NotoSansThai-SemiCondensedMedium.ttf
Postprocessing font output/Noto Sans Thai/unhinted/ttf/NotoSansThai-SemiCondensedMedium.ttf
Created static font output/Noto Sans Thai/unhinted/ttf/NotoSansThai-ExtraCondensed.ttf
Postprocessing font output/Noto Sans Thai/unhinted/ttf/NotoSansThai-ExtraCondensed.ttf
Created static font output/Noto Sans Thai/unhinted/ttf/NotoSansThai-ExtraCondensedExtraLight.ttf
Postprocessing font output/Noto Sans Thai/unhinted/ttf/NotoSansThai-ExtraCondensedExtraLight.ttf
Created static font output/Noto Sans Thai/unhinted/ttf/NotoSansThai-CondensedSemiBold.ttf
Postprocessing font output/Noto Sans Thai/unhinted/ttf/NotoSansThai-CondensedSemiBold.ttf
Created static font output/Noto Sans Thai/unhinted/ttf/NotoSansThai-ExtraLight.ttf
Postprocessing font output/Noto Sans Thai/unhinted/ttf/NotoSansThai-ExtraLight.ttf
Created static font output/Noto Sans Thai/unhinted/ttf/NotoSansThai-Regular.ttf
Postprocessing font output/Noto Sans Thai/unhinted/ttf/NotoSansThai-Regular.ttf
Building variable, static completed. All done!
