Creating variable fonts from src/NotoSansMalayalam-MM.glyphs
Postprocessing font output/Noto Sans Malayalam/unhinted/variable-ttf/NotoSansMalayalam-MM[wdth,wght].ttf
Creating static fonts from src/NotoSansMalayalam-MM.glyphs
Created static font output/Noto Sans Malayalam/unhinted/otf/NotoSansMalayalam-ExtraCondensed.otf
Postprocessing font output/Noto Sans Malayalam/unhinted/otf/NotoSansMalayalam-ExtraCondensed.otf
Created static font output/Noto Sans Malayalam/unhinted/otf/NotoSansMalayalam-ExtraCondensedBold.otf
Postprocessing font output/Noto Sans Malayalam/unhinted/otf/NotoSansMalayalam-ExtraCondensedBold.otf
Created static font output/Noto Sans Malayalam/unhinted/otf/NotoSansMalayalamUI-Black.otf
Postprocessing font output/Noto Sans Malayalam/unhinted/otf/NotoSansMalayalamUI-Black.otf
Created static font output/Noto Sans Malayalam/unhinted/otf/NotoSansMalayalam-ExtraLight.otf
Postprocessing font output/Noto Sans Malayalam/unhinted/otf/NotoSansMalayalam-ExtraLight.otf
Created static font output/Noto Sans Malayalam/unhinted/otf/NotoSansMalayalamUI-Condensed.otf
Postprocessing font output/Noto Sans Malayalam/unhinted/otf/NotoSansMalayalamUI-Condensed.otf
Created static font output/Noto Sans Malayalam/unhinted/otf/NotoSansMalayalam-Medium.otf
Postprocessing font output/Noto Sans Malayalam/unhinted/otf/NotoSansMalayalam-Medium.otf
Created static font output/Noto Sans Malayalam/unhinted/otf/NotoSansMalayalamUI-CondensedExtraBold.otf
Postprocessing font output/Noto Sans Malayalam/unhinted/otf/NotoSansMalayalamUI-CondensedExtraBold.otf
Created static font output/Noto Sans Malayalam/unhinted/otf/NotoSansMalayalam-CondensedExtraBold.otf
Postprocessing font output/Noto Sans Malayalam/unhinted/otf/NotoSansMalayalam-CondensedExtraBold.otf
Created static font output/Noto Sans Malayalam/unhinted/otf/NotoSansMalayalam-SemiBold.otf
Postprocessing font output/Noto Sans Malayalam/unhinted/otf/NotoSansMalayalam-SemiBold.otf
Created static font output/Noto Sans Malayalam/unhinted/otf/NotoSansMalayalam-ExtraCondensedBlack.otf
Postprocessing font output/Noto Sans Malayalam/unhinted/otf/NotoSansMalayalam-ExtraCondensedBlack.otf
Created static font output/Noto Sans Malayalam/unhinted/otf/NotoSansMalayalamUI-CondensedExtraLight.otf
Postprocessing font output/Noto Sans Malayalam/unhinted/otf/NotoSansMalayalamUI-CondensedExtraLight.otf
Created static font output/Noto Sans Malayalam/unhinted/otf/NotoSansMalayalam-SemiCondensedExtraBold.otf
Postprocessing font output/Noto Sans Malayalam/unhinted/otf/NotoSansMalayalam-SemiCondensedExtraBold.otf
Created static font output/Noto Sans Malayalam/unhinted/otf/NotoSansMalayalam-ExtraBold.otf
Postprocessing font output/Noto Sans Malayalam/unhinted/otf/NotoSansMalayalam-ExtraBold.otf
Created static font output/Noto Sans Malayalam/unhinted/otf/NotoSansMalayalamUI-CondensedThin.otf
Postprocessing font output/Noto Sans Malayalam/unhinted/otf/NotoSansMalayalamUI-CondensedThin.otf
Created static font output/Noto Sans Malayalam/unhinted/otf/NotoSansMalayalam-SemiCondensed.otf
Postprocessing font output/Noto Sans Malayalam/unhinted/otf/NotoSansMalayalam-SemiCondensed.otf
Created static font output/Noto Sans Malayalam/unhinted/otf/NotoSansMalayalamUI-ExtraCondensed.otf
Postprocessing font output/Noto Sans Malayalam/unhinted/otf/NotoSansMalayalamUI-ExtraCondensed.otf
Created static font output/Noto Sans Malayalam/unhinted/otf/NotoSansMalayalamUI-ExtraCondensedLight.otf
Postprocessing font output/Noto Sans Malayalam/unhinted/otf/NotoSansMalayalamUI-ExtraCondensedLight.otf
Created static font output/Noto Sans Malayalam/unhinted/otf/NotoSansMalayalamUI-SemiCondensedExtraBold.otf
Postprocessing font output/Noto Sans Malayalam/unhinted/otf/NotoSansMalayalamUI-SemiCondensedExtraBold.otf
Created static font output/Noto Sans Malayalam/unhinted/otf/NotoSansMalayalam-ExtraCondensedExtraLight.otf
Postprocessing font output/Noto Sans Malayalam/unhinted/otf/NotoSansMalayalam-ExtraCondensedExtraLight.otf
Created static font output/Noto Sans Malayalam/unhinted/otf/NotoSansMalayalamUI-SemiCondensedSemiBold.otf
Postprocessing font output/Noto Sans Malayalam/unhinted/otf/NotoSansMalayalamUI-SemiCondensedSemiBold.otf
Created static font output/Noto Sans Malayalam/unhinted/otf/NotoSansMalayalam-SemiCondensedLight.otf
Postprocessing font output/Noto Sans Malayalam/unhinted/otf/NotoSansMalayalam-SemiCondensedLight.otf
Created static font output/Noto Sans Malayalam/unhinted/otf/NotoSansMalayalam-CondensedMedium.otf
Postprocessing font output/Noto Sans Malayalam/unhinted/otf/NotoSansMalayalam-CondensedMedium.otf
Created static font output/Noto Sans Malayalam/unhinted/otf/NotoSansMalayalam-ExtraCondensedExtraBold.otf
Postprocessing font output/Noto Sans Malayalam/unhinted/otf/NotoSansMalayalam-ExtraCondensedExtraBold.otf
Created static font output/Noto Sans Malayalam/unhinted/otf/NotoSansMalayalam-ExtraCondensedLight.otf
Postprocessing font output/Noto Sans Malayalam/unhinted/otf/NotoSansMalayalam-ExtraCondensedLight.otf
Created static font output/Noto Sans Malayalam/unhinted/otf/NotoSansMalayalam-CondensedThin.otf
Postprocessing font output/Noto Sans Malayalam/unhinted/otf/NotoSansMalayalam-CondensedThin.otf
Created static font output/Noto Sans Malayalam/unhinted/otf/NotoSansMalayalam-SemiCondensedExtraLight.otf
Postprocessing font output/Noto Sans Malayalam/unhinted/otf/NotoSansMalayalam-SemiCondensedExtraLight.otf
Created static font output/Noto Sans Malayalam/unhinted/otf/NotoSansMalayalam-CondensedSemiBold.otf
Postprocessing font output/Noto Sans Malayalam/unhinted/otf/NotoSansMalayalam-CondensedSemiBold.otf
Created static font output/Noto Sans Malayalam/unhinted/otf/NotoSansMalayalam-ExtraCondensedThin.otf
Postprocessing font output/Noto Sans Malayalam/unhinted/otf/NotoSansMalayalam-ExtraCondensedThin.otf
Created static font output/Noto Sans Malayalam/unhinted/otf/NotoSansMalayalam-CondensedLight.otf
Postprocessing font output/Noto Sans Malayalam/unhinted/otf/NotoSansMalayalam-CondensedLight.otf
Created static font output/Noto Sans Malayalam/unhinted/otf/NotoSansMalayalamUI-CondensedLight.otf
Postprocessing font output/Noto Sans Malayalam/unhinted/otf/NotoSansMalayalamUI-CondensedLight.otf
Created static font output/Noto Sans Malayalam/unhinted/otf/NotoSansMalayalam-Bold.otf
Postprocessing font output/Noto Sans Malayalam/unhinted/otf/NotoSansMalayalam-Bold.otf
Created static font output/Noto Sans Malayalam/unhinted/otf/NotoSansMalayalam-Regular.otf
Postprocessing font output/Noto Sans Malayalam/unhinted/otf/NotoSansMalayalam-Regular.otf
Created static font output/Noto Sans Malayalam/unhinted/otf/NotoSansMalayalam-Light.otf
Postprocessing font output/Noto Sans Malayalam/unhinted/otf/NotoSansMalayalam-Light.otf
Created static font output/Noto Sans Malayalam/unhinted/otf/NotoSansMalayalamUI-ExtraCondensedSemiBold.otf
Postprocessing font output/Noto Sans Malayalam/unhinted/otf/NotoSansMalayalamUI-ExtraCondensedSemiBold.otf
Created static font output/Noto Sans Malayalam/unhinted/otf/NotoSansMalayalam-Thin.otf
Postprocessing font output/Noto Sans Malayalam/unhinted/otf/NotoSansMalayalam-Thin.otf
Created static font output/Noto Sans Malayalam/unhinted/otf/NotoSansMalayalamUI-ExtraLight.otf
Postprocessing font output/Noto Sans Malayalam/unhinted/otf/NotoSansMalayalamUI-ExtraLight.otf
Created static font output/Noto Sans Malayalam/unhinted/otf/NotoSansMalayalam-SemiCondensedBlack.otf
Postprocessing font output/Noto Sans Malayalam/unhinted/otf/NotoSansMalayalam-SemiCondensedBlack.otf
Created static font output/Noto Sans Malayalam/unhinted/otf/NotoSansMalayalam-CondensedBlack.otf
Postprocessing font output/Noto Sans Malayalam/unhinted/otf/NotoSansMalayalam-CondensedBlack.otf
Created static font output/Noto Sans Malayalam/unhinted/otf/NotoSansMalayalam-Black.otf
Postprocessing font output/Noto Sans Malayalam/unhinted/otf/NotoSansMalayalam-Black.otf
Created static font output/Noto Sans Malayalam/unhinted/otf/NotoSansMalayalamUI-SemiCondensedThin.otf
Postprocessing font output/Noto Sans Malayalam/unhinted/otf/NotoSansMalayalamUI-SemiCondensedThin.otf
Created static font output/Noto Sans Malayalam/unhinted/otf/NotoSansMalayalam-SemiCondensedThin.otf
Postprocessing font output/Noto Sans Malayalam/unhinted/otf/NotoSansMalayalam-SemiCondensedThin.otf
Created static font output/Noto Sans Malayalam/unhinted/otf/NotoSansMalayalamUI-CondensedBold.otf
Postprocessing font output/Noto Sans Malayalam/unhinted/otf/NotoSansMalayalamUI-CondensedBold.otf
Created static font output/Noto Sans Malayalam/unhinted/otf/NotoSansMalayalamUI-CondensedSemiBold.otf
Postprocessing font output/Noto Sans Malayalam/unhinted/otf/NotoSansMalayalamUI-CondensedSemiBold.otf
Created static font output/Noto Sans Malayalam/unhinted/otf/NotoSansMalayalamUI-ExtraCondensedThin.otf
Postprocessing font output/Noto Sans Malayalam/unhinted/otf/NotoSansMalayalamUI-ExtraCondensedThin.otf
Created static font output/Noto Sans Malayalam/unhinted/otf/NotoSansMalayalamUI-Bold.otf
Postprocessing font output/Noto Sans Malayalam/unhinted/otf/NotoSansMalayalamUI-Bold.otf
Created static font output/Noto Sans Malayalam/unhinted/otf/NotoSansMalayalamUI-SemiCondensedBlack.otf
Postprocessing font output/Noto Sans Malayalam/unhinted/otf/NotoSansMalayalamUI-SemiCondensedBlack.otf
Created static font output/Noto Sans Malayalam/unhinted/otf/NotoSansMalayalamUI-Medium.otf
Postprocessing font output/Noto Sans Malayalam/unhinted/otf/NotoSansMalayalamUI-Medium.otf
Created static font output/Noto Sans Malayalam/unhinted/otf/NotoSansMalayalamUI-SemiCondensedLight.otf
Postprocessing font output/Noto Sans Malayalam/unhinted/otf/NotoSansMalayalamUI-SemiCondensedLight.otf
Created static font output/Noto Sans Malayalam/unhinted/otf/NotoSansMalayalam-Condensed.otf
Postprocessing font output/Noto Sans Malayalam/unhinted/otf/NotoSansMalayalam-Condensed.otf
Created static font output/Noto Sans Malayalam/unhinted/otf/NotoSansMalayalamUI-SemiCondensedExtraLight.otf
Postprocessing font output/Noto Sans Malayalam/unhinted/otf/NotoSansMalayalamUI-SemiCondensedExtraLight.otf
Created static font output/Noto Sans Malayalam/unhinted/otf/NotoSansMalayalamUI-Thin.otf
Postprocessing font output/Noto Sans Malayalam/unhinted/otf/NotoSansMalayalamUI-Thin.otf
Created static font output/Noto Sans Malayalam/unhinted/otf/NotoSansMalayalamUI-SemiCondensedBold.otf
Postprocessing font output/Noto Sans Malayalam/unhinted/otf/NotoSansMalayalamUI-SemiCondensedBold.otf
Created static font output/Noto Sans Malayalam/unhinted/otf/NotoSansMalayalamUI-ExtraCondensedBlack.otf
Postprocessing font output/Noto Sans Malayalam/unhinted/otf/NotoSansMalayalamUI-ExtraCondensedBlack.otf
Created static font output/Noto Sans Malayalam/unhinted/otf/NotoSansMalayalamUI-ExtraBold.otf
Postprocessing font output/Noto Sans Malayalam/unhinted/otf/NotoSansMalayalamUI-ExtraBold.otf
Created static font output/Noto Sans Malayalam/unhinted/otf/NotoSansMalayalam-ExtraCondensedSemiBold.otf
Postprocessing font output/Noto Sans Malayalam/unhinted/otf/NotoSansMalayalam-ExtraCondensedSemiBold.otf
Created static font output/Noto Sans Malayalam/unhinted/otf/NotoSansMalayalam-SemiCondensedMedium.otf
Postprocessing font output/Noto Sans Malayalam/unhinted/otf/NotoSansMalayalam-SemiCondensedMedium.otf
Created static font output/Noto Sans Malayalam/unhinted/otf/NotoSansMalayalamUI-SemiBold.otf
Postprocessing font output/Noto Sans Malayalam/unhinted/otf/NotoSansMalayalamUI-SemiBold.otf
Created static font output/Noto Sans Malayalam/unhinted/otf/NotoSansMalayalamUI-ExtraCondensedMedium.otf
Postprocessing font output/Noto Sans Malayalam/unhinted/otf/NotoSansMalayalamUI-ExtraCondensedMedium.otf
Created static font output/Noto Sans Malayalam/unhinted/otf/NotoSansMalayalam-SemiCondensedSemiBold.otf
Postprocessing font output/Noto Sans Malayalam/unhinted/otf/NotoSansMalayalam-SemiCondensedSemiBold.otf
Created static font output/Noto Sans Malayalam/unhinted/otf/NotoSansMalayalam-SemiCondensedBold.otf
Postprocessing font output/Noto Sans Malayalam/unhinted/otf/NotoSansMalayalam-SemiCondensedBold.otf
Created static font output/Noto Sans Malayalam/unhinted/otf/NotoSansMalayalamUI-Light.otf
Postprocessing font output/Noto Sans Malayalam/unhinted/otf/NotoSansMalayalamUI-Light.otf
Created static font output/Noto Sans Malayalam/unhinted/otf/NotoSansMalayalamUI-ExtraCondensedExtraLight.otf
Postprocessing font output/Noto Sans Malayalam/unhinted/otf/NotoSansMalayalamUI-ExtraCondensedExtraLight.otf
Created static font output/Noto Sans Malayalam/unhinted/otf/NotoSansMalayalamUI-SemiCondensed.otf
Postprocessing font output/Noto Sans Malayalam/unhinted/otf/NotoSansMalayalamUI-SemiCondensed.otf
Created static font output/Noto Sans Malayalam/unhinted/otf/NotoSansMalayalamUI-ExtraCondensedBold.otf
Postprocessing font output/Noto Sans Malayalam/unhinted/otf/NotoSansMalayalamUI-ExtraCondensedBold.otf
Created static font output/Noto Sans Malayalam/unhinted/otf/NotoSansMalayalamUI-ExtraCondensedExtraBold.otf
Postprocessing font output/Noto Sans Malayalam/unhinted/otf/NotoSansMalayalamUI-ExtraCondensedExtraBold.otf
Created static font output/Noto Sans Malayalam/unhinted/otf/NotoSansMalayalam-CondensedBold.otf
Postprocessing font output/Noto Sans Malayalam/unhinted/otf/NotoSansMalayalam-CondensedBold.otf
Created static font output/Noto Sans Malayalam/unhinted/otf/NotoSansMalayalamUI-SemiCondensedMedium.otf
Postprocessing font output/Noto Sans Malayalam/unhinted/otf/NotoSansMalayalamUI-SemiCondensedMedium.otf
Created static font output/Noto Sans Malayalam/unhinted/otf/NotoSansMalayalamUI-Regular.otf
Postprocessing font output/Noto Sans Malayalam/unhinted/otf/NotoSansMalayalamUI-Regular.otf
Created static font output/Noto Sans Malayalam/unhinted/otf/NotoSansMalayalamUI-CondensedBlack.otf
Postprocessing font output/Noto Sans Malayalam/unhinted/otf/NotoSansMalayalamUI-CondensedBlack.otf
Created static font output/Noto Sans Malayalam/unhinted/otf/NotoSansMalayalam-ExtraCondensedMedium.otf
Postprocessing font output/Noto Sans Malayalam/unhinted/otf/NotoSansMalayalam-ExtraCondensedMedium.otf
Created static font output/Noto Sans Malayalam/unhinted/otf/NotoSansMalayalam-CondensedExtraLight.otf
Postprocessing font output/Noto Sans Malayalam/unhinted/otf/NotoSansMalayalam-CondensedExtraLight.otf
Created static font output/Noto Sans Malayalam/unhinted/otf/NotoSansMalayalamUI-CondensedMedium.otf
Postprocessing font output/Noto Sans Malayalam/unhinted/otf/NotoSansMalayalamUI-CondensedMedium.otf
Creating static fonts from src/NotoSansMalayalam-MM.glyphs
Created static font output/Noto Sans Malayalam/unhinted/ttf/NotoSansMalayalam-SemiCondensedBlack.ttf
Postprocessing font output/Noto Sans Malayalam/unhinted/ttf/NotoSansMalayalam-SemiCondensedBlack.ttf
Created static font output/Noto Sans Malayalam/unhinted/ttf/NotoSansMalayalam-ExtraCondensedMedium.ttf
Postprocessing font output/Noto Sans Malayalam/unhinted/ttf/NotoSansMalayalam-ExtraCondensedMedium.ttf
Created static font output/Noto Sans Malayalam/unhinted/ttf/NotoSansMalayalamUI-ExtraLight.ttf
Postprocessing font output/Noto Sans Malayalam/unhinted/ttf/NotoSansMalayalamUI-ExtraLight.ttf
Created static font output/Noto Sans Malayalam/unhinted/ttf/NotoSansMalayalam-CondensedLight.ttf
Postprocessing font output/Noto Sans Malayalam/unhinted/ttf/NotoSansMalayalam-CondensedLight.ttf
Created static font output/Noto Sans Malayalam/unhinted/ttf/NotoSansMalayalam-Thin.ttf
Postprocessing font output/Noto Sans Malayalam/unhinted/ttf/NotoSansMalayalam-Thin.ttf
Created static font output/Noto Sans Malayalam/unhinted/ttf/NotoSansMalayalam-SemiCondensedBold.ttf
Postprocessing font output/Noto Sans Malayalam/unhinted/ttf/NotoSansMalayalam-SemiCondensedBold.ttf
Created static font output/Noto Sans Malayalam/unhinted/ttf/NotoSansMalayalamUI-CondensedThin.ttf
Postprocessing font output/Noto Sans Malayalam/unhinted/ttf/NotoSansMalayalamUI-CondensedThin.ttf
Created static font output/Noto Sans Malayalam/unhinted/ttf/NotoSansMalayalamUI-Black.ttf
Postprocessing font output/Noto Sans Malayalam/unhinted/ttf/NotoSansMalayalamUI-Black.ttf
Created static font output/Noto Sans Malayalam/unhinted/ttf/NotoSansMalayalamUI-SemiCondensedExtraLight.ttf
Postprocessing font output/Noto Sans Malayalam/unhinted/ttf/NotoSansMalayalamUI-SemiCondensedExtraLight.ttf
Created static font output/Noto Sans Malayalam/unhinted/ttf/NotoSansMalayalamUI-SemiCondensedBlack.ttf
Postprocessing font output/Noto Sans Malayalam/unhinted/ttf/NotoSansMalayalamUI-SemiCondensedBlack.ttf
Created static font output/Noto Sans Malayalam/unhinted/ttf/NotoSansMalayalamUI-ExtraCondensedLight.ttf
Postprocessing font output/Noto Sans Malayalam/unhinted/ttf/NotoSansMalayalamUI-ExtraCondensedLight.ttf
Created static font output/Noto Sans Malayalam/unhinted/ttf/NotoSansMalayalamUI-ExtraCondensedMedium.ttf
Postprocessing font output/Noto Sans Malayalam/unhinted/ttf/NotoSansMalayalamUI-ExtraCondensedMedium.ttf
Created static font output/Noto Sans Malayalam/unhinted/ttf/NotoSansMalayalamUI-Light.ttf
Postprocessing font output/Noto Sans Malayalam/unhinted/ttf/NotoSansMalayalamUI-Light.ttf
Created static font output/Noto Sans Malayalam/unhinted/ttf/NotoSansMalayalamUI-SemiCondensedMedium.ttf
Postprocessing font output/Noto Sans Malayalam/unhinted/ttf/NotoSansMalayalamUI-SemiCondensedMedium.ttf
Created static font output/Noto Sans Malayalam/unhinted/ttf/NotoSansMalayalamUI-SemiBold.ttf
Postprocessing font output/Noto Sans Malayalam/unhinted/ttf/NotoSansMalayalamUI-SemiBold.ttf
Created static font output/Noto Sans Malayalam/unhinted/ttf/NotoSansMalayalamUI-ExtraCondensedExtraLight.ttf
Postprocessing font output/Noto Sans Malayalam/unhinted/ttf/NotoSansMalayalamUI-ExtraCondensedExtraLight.ttf
Created static font output/Noto Sans Malayalam/unhinted/ttf/NotoSansMalayalam-ExtraCondensedExtraBold.ttf
Postprocessing font output/Noto Sans Malayalam/unhinted/ttf/NotoSansMalayalam-ExtraCondensedExtraBold.ttf
Created static font output/Noto Sans Malayalam/unhinted/ttf/NotoSansMalayalam-SemiBold.ttf
Postprocessing font output/Noto Sans Malayalam/unhinted/ttf/NotoSansMalayalam-SemiBold.ttf
Created static font output/Noto Sans Malayalam/unhinted/ttf/NotoSansMalayalamUI-ExtraCondensed.ttf
Postprocessing font output/Noto Sans Malayalam/unhinted/ttf/NotoSansMalayalamUI-ExtraCondensed.ttf
Created static font output/Noto Sans Malayalam/unhinted/ttf/NotoSansMalayalamUI-Regular.ttf
Postprocessing font output/Noto Sans Malayalam/unhinted/ttf/NotoSansMalayalamUI-Regular.ttf
Created static font output/Noto Sans Malayalam/unhinted/ttf/NotoSansMalayalam-ExtraCondensedBold.ttf
Postprocessing font output/Noto Sans Malayalam/unhinted/ttf/NotoSansMalayalam-ExtraCondensedBold.ttf
Created static font output/Noto Sans Malayalam/unhinted/ttf/NotoSansMalayalam-SemiCondensedMedium.ttf
Postprocessing font output/Noto Sans Malayalam/unhinted/ttf/NotoSansMalayalam-SemiCondensedMedium.ttf
Created static font output/Noto Sans Malayalam/unhinted/ttf/NotoSansMalayalam-CondensedExtraBold.ttf
Postprocessing font output/Noto Sans Malayalam/unhinted/ttf/NotoSansMalayalam-CondensedExtraBold.ttf
Created static font output/Noto Sans Malayalam/unhinted/ttf/NotoSansMalayalamUI-SemiCondensedBold.ttf
Postprocessing font output/Noto Sans Malayalam/unhinted/ttf/NotoSansMalayalamUI-SemiCondensedBold.ttf
Created static font output/Noto Sans Malayalam/unhinted/ttf/NotoSansMalayalamUI-SemiCondensedLight.ttf
Postprocessing font output/Noto Sans Malayalam/unhinted/ttf/NotoSansMalayalamUI-SemiCondensedLight.ttf
Created static font output/Noto Sans Malayalam/unhinted/ttf/NotoSansMalayalam-Condensed.ttf
Postprocessing font output/Noto Sans Malayalam/unhinted/ttf/NotoSansMalayalam-Condensed.ttf
Created static font output/Noto Sans Malayalam/unhinted/ttf/NotoSansMalayalam-ExtraCondensedThin.ttf
Postprocessing font output/Noto Sans Malayalam/unhinted/ttf/NotoSansMalayalam-ExtraCondensedThin.ttf
Created static font output/Noto Sans Malayalam/unhinted/ttf/NotoSansMalayalam-SemiCondensedLight.ttf
Postprocessing font output/Noto Sans Malayalam/unhinted/ttf/NotoSansMalayalam-SemiCondensedLight.ttf
Created static font output/Noto Sans Malayalam/unhinted/ttf/NotoSansMalayalamUI-Medium.ttf
Postprocessing font output/Noto Sans Malayalam/unhinted/ttf/NotoSansMalayalamUI-Medium.ttf
Created static font output/Noto Sans Malayalam/unhinted/ttf/NotoSansMalayalamUI-CondensedSemiBold.ttf
Postprocessing font output/Noto Sans Malayalam/unhinted/ttf/NotoSansMalayalamUI-CondensedSemiBold.ttf
Created static font output/Noto Sans Malayalam/unhinted/ttf/NotoSansMalayalamUI-CondensedBold.ttf
Postprocessing font output/Noto Sans Malayalam/unhinted/ttf/NotoSansMalayalamUI-CondensedBold.ttf
Created static font output/Noto Sans Malayalam/unhinted/ttf/NotoSansMalayalamUI-ExtraCondensedThin.ttf
Postprocessing font output/Noto Sans Malayalam/unhinted/ttf/NotoSansMalayalamUI-ExtraCondensedThin.ttf
Created static font output/Noto Sans Malayalam/unhinted/ttf/NotoSansMalayalam-Regular.ttf
Postprocessing font output/Noto Sans Malayalam/unhinted/ttf/NotoSansMalayalam-Regular.ttf
Created static font output/Noto Sans Malayalam/unhinted/ttf/NotoSansMalayalamUI-Thin.ttf
Postprocessing font output/Noto Sans Malayalam/unhinted/ttf/NotoSansMalayalamUI-Thin.ttf
Created static font output/Noto Sans Malayalam/unhinted/ttf/NotoSansMalayalam-CondensedMedium.ttf
Postprocessing font output/Noto Sans Malayalam/unhinted/ttf/NotoSansMalayalam-CondensedMedium.ttf
Created static font output/Noto Sans Malayalam/unhinted/ttf/NotoSansMalayalam-SemiCondensedSemiBold.ttf
Postprocessing font output/Noto Sans Malayalam/unhinted/ttf/NotoSansMalayalam-SemiCondensedSemiBold.ttf
Created static font output/Noto Sans Malayalam/unhinted/ttf/NotoSansMalayalamUI-Bold.ttf
Postprocessing font output/Noto Sans Malayalam/unhinted/ttf/NotoSansMalayalamUI-Bold.ttf
Created static font output/Noto Sans Malayalam/unhinted/ttf/NotoSansMalayalam-Bold.ttf
Postprocessing font output/Noto Sans Malayalam/unhinted/ttf/NotoSansMalayalam-Bold.ttf
Created static font output/Noto Sans Malayalam/unhinted/ttf/NotoSansMalayalamUI-ExtraCondensedBlack.ttf
Postprocessing font output/Noto Sans Malayalam/unhinted/ttf/NotoSansMalayalamUI-ExtraCondensedBlack.ttf
Created static font output/Noto Sans Malayalam/unhinted/ttf/NotoSansMalayalam-CondensedBlack.ttf
Postprocessing font output/Noto Sans Malayalam/unhinted/ttf/NotoSansMalayalam-CondensedBlack.ttf
Created static font output/Noto Sans Malayalam/unhinted/ttf/NotoSansMalayalam-SemiCondensedThin.ttf
Postprocessing font output/Noto Sans Malayalam/unhinted/ttf/NotoSansMalayalam-SemiCondensedThin.ttf
Created static font output/Noto Sans Malayalam/unhinted/ttf/NotoSansMalayalam-ExtraLight.ttf
Postprocessing font output/Noto Sans Malayalam/unhinted/ttf/NotoSansMalayalam-ExtraLight.ttf
Created static font output/Noto Sans Malayalam/unhinted/ttf/NotoSansMalayalam-ExtraCondensedBlack.ttf
Postprocessing font output/Noto Sans Malayalam/unhinted/ttf/NotoSansMalayalam-ExtraCondensedBlack.ttf
Created static font output/Noto Sans Malayalam/unhinted/ttf/NotoSansMalayalam-Medium.ttf
Postprocessing font output/Noto Sans Malayalam/unhinted/ttf/NotoSansMalayalam-Medium.ttf
Created static font output/Noto Sans Malayalam/unhinted/ttf/NotoSansMalayalamUI-SemiCondensed.ttf
Postprocessing font output/Noto Sans Malayalam/unhinted/ttf/NotoSansMalayalamUI-SemiCondensed.ttf
Created static font output/Noto Sans Malayalam/unhinted/ttf/NotoSansMalayalamUI-CondensedLight.ttf
Postprocessing font output/Noto Sans Malayalam/unhinted/ttf/NotoSansMalayalamUI-CondensedLight.ttf
Created static font output/Noto Sans Malayalam/unhinted/ttf/NotoSansMalayalam-SemiCondensed.ttf
Postprocessing font output/Noto Sans Malayalam/unhinted/ttf/NotoSansMalayalam-SemiCondensed.ttf
Created static font output/Noto Sans Malayalam/unhinted/ttf/NotoSansMalayalam-SemiCondensedExtraLight.ttf
Postprocessing font output/Noto Sans Malayalam/unhinted/ttf/NotoSansMalayalam-SemiCondensedExtraLight.ttf
Created static font output/Noto Sans Malayalam/unhinted/ttf/NotoSansMalayalam-SemiCondensedExtraBold.ttf
Postprocessing font output/Noto Sans Malayalam/unhinted/ttf/NotoSansMalayalam-SemiCondensedExtraBold.ttf
Created static font output/Noto Sans Malayalam/unhinted/ttf/NotoSansMalayalamUI-ExtraCondensedSemiBold.ttf
Postprocessing font output/Noto Sans Malayalam/unhinted/ttf/NotoSansMalayalamUI-ExtraCondensedSemiBold.ttf
Created static font output/Noto Sans Malayalam/unhinted/ttf/NotoSansMalayalam-CondensedThin.ttf
Postprocessing font output/Noto Sans Malayalam/unhinted/ttf/NotoSansMalayalam-CondensedThin.ttf
Created static font output/Noto Sans Malayalam/unhinted/ttf/NotoSansMalayalamUI-ExtraCondensedBold.ttf
Postprocessing font output/Noto Sans Malayalam/unhinted/ttf/NotoSansMalayalamUI-ExtraCondensedBold.ttf
Created static font output/Noto Sans Malayalam/unhinted/ttf/NotoSansMalayalamUI-ExtraCondensedExtraBold.ttf
Postprocessing font output/Noto Sans Malayalam/unhinted/ttf/NotoSansMalayalamUI-ExtraCondensedExtraBold.ttf
Created static font output/Noto Sans Malayalam/unhinted/ttf/NotoSansMalayalamUI-Condensed.ttf
Postprocessing font output/Noto Sans Malayalam/unhinted/ttf/NotoSansMalayalamUI-Condensed.ttf
Created static font output/Noto Sans Malayalam/unhinted/ttf/NotoSansMalayalamUI-CondensedMedium.ttf
Postprocessing font output/Noto Sans Malayalam/unhinted/ttf/NotoSansMalayalamUI-CondensedMedium.ttf
Created static font output/Noto Sans Malayalam/unhinted/ttf/NotoSansMalayalam-ExtraCondensedSemiBold.ttf
Postprocessing font output/Noto Sans Malayalam/unhinted/ttf/NotoSansMalayalam-ExtraCondensedSemiBold.ttf
Created static font output/Noto Sans Malayalam/unhinted/ttf/NotoSansMalayalam-CondensedSemiBold.ttf
Postprocessing font output/Noto Sans Malayalam/unhinted/ttf/NotoSansMalayalam-CondensedSemiBold.ttf
Created static font output/Noto Sans Malayalam/unhinted/ttf/NotoSansMalayalam-CondensedExtraLight.ttf
Postprocessing font output/Noto Sans Malayalam/unhinted/ttf/NotoSansMalayalam-CondensedExtraLight.ttf
Created static font output/Noto Sans Malayalam/unhinted/ttf/NotoSansMalayalam-ExtraCondensedExtraLight.ttf
Postprocessing font output/Noto Sans Malayalam/unhinted/ttf/NotoSansMalayalam-ExtraCondensedExtraLight.ttf
Created static font output/Noto Sans Malayalam/unhinted/ttf/NotoSansMalayalam-Light.ttf
Postprocessing font output/Noto Sans Malayalam/unhinted/ttf/NotoSansMalayalam-Light.ttf
Created static font output/Noto Sans Malayalam/unhinted/ttf/NotoSansMalayalamUI-CondensedBlack.ttf
Postprocessing font output/Noto Sans Malayalam/unhinted/ttf/NotoSansMalayalamUI-CondensedBlack.ttf
Created static font output/Noto Sans Malayalam/unhinted/ttf/NotoSansMalayalamUI-ExtraBold.ttf
Postprocessing font output/Noto Sans Malayalam/unhinted/ttf/NotoSansMalayalamUI-ExtraBold.ttf
Created static font output/Noto Sans Malayalam/unhinted/ttf/NotoSansMalayalam-CondensedBold.ttf
Postprocessing font output/Noto Sans Malayalam/unhinted/ttf/NotoSansMalayalam-CondensedBold.ttf
Created static font output/Noto Sans Malayalam/unhinted/ttf/NotoSansMalayalamUI-SemiCondensedThin.ttf
Postprocessing font output/Noto Sans Malayalam/unhinted/ttf/NotoSansMalayalamUI-SemiCondensedThin.ttf
Created static font output/Noto Sans Malayalam/unhinted/ttf/NotoSansMalayalamUI-CondensedExtraBold.ttf
Postprocessing font output/Noto Sans Malayalam/unhinted/ttf/NotoSansMalayalamUI-CondensedExtraBold.ttf
Created static font output/Noto Sans Malayalam/unhinted/ttf/NotoSansMalayalam-ExtraCondensed.ttf
Postprocessing font output/Noto Sans Malayalam/unhinted/ttf/NotoSansMalayalam-ExtraCondensed.ttf
Created static font output/Noto Sans Malayalam/unhinted/ttf/NotoSansMalayalam-ExtraBold.ttf
Postprocessing font output/Noto Sans Malayalam/unhinted/ttf/NotoSansMalayalam-ExtraBold.ttf
Created static font output/Noto Sans Malayalam/unhinted/ttf/NotoSansMalayalam-ExtraCondensedLight.ttf
Postprocessing font output/Noto Sans Malayalam/unhinted/ttf/NotoSansMalayalam-ExtraCondensedLight.ttf
Created static font output/Noto Sans Malayalam/unhinted/ttf/NotoSansMalayalamUI-CondensedExtraLight.ttf
Postprocessing font output/Noto Sans Malayalam/unhinted/ttf/NotoSansMalayalamUI-CondensedExtraLight.ttf
Created static font output/Noto Sans Malayalam/unhinted/ttf/NotoSansMalayalam-Black.ttf
Postprocessing font output/Noto Sans Malayalam/unhinted/ttf/NotoSansMalayalam-Black.ttf
Created static font output/Noto Sans Malayalam/unhinted/ttf/NotoSansMalayalamUI-SemiCondensedExtraBold.ttf
Postprocessing font output/Noto Sans Malayalam/unhinted/ttf/NotoSansMalayalamUI-SemiCondensedExtraBold.ttf
Created static font output/Noto Sans Malayalam/unhinted/ttf/NotoSansMalayalamUI-SemiCondensedSemiBold.ttf
Postprocessing font output/Noto Sans Malayalam/unhinted/ttf/NotoSansMalayalamUI-SemiCondensedSemiBold.ttf
Building variable, static completed. All done!
Removing auxiliary dirs/files {'instance_ufo', 'master_ufo'}
