Creating variable fonts from src/NotoSansLao-MM.glyphs
Postprocessing font output/Noto Sans Lao/unhinted/variable-ttf/NotoSansLao-MM[wdth,wght].ttf
Creating static fonts from src/NotoSansLao-MM.glyphs
Created static font output/Noto Sans Lao/unhinted/otf/NotoSansLao-ExtraCondensedExtraLight.otf
Postprocessing font output/Noto Sans Lao/unhinted/otf/NotoSansLao-ExtraCondensedExtraLight.otf
Created static font output/Noto Sans Lao/unhinted/otf/NotoSansLao-SemiBold.otf
Postprocessing font output/Noto Sans Lao/unhinted/otf/NotoSansLao-SemiBold.otf
Created static font output/Noto Sans Lao/unhinted/otf/NotoSansLao-ExtraLight.otf
Postprocessing font output/Noto Sans Lao/unhinted/otf/NotoSansLao-ExtraLight.otf
Created static font output/Noto Sans Lao/unhinted/otf/NotoSansLao-CondensedExtraLight.otf
Postprocessing font output/Noto Sans Lao/unhinted/otf/NotoSansLao-CondensedExtraLight.otf
Created static font output/Noto Sans Lao/unhinted/otf/NotoSansLao-Black.otf
Postprocessing font output/Noto Sans Lao/unhinted/otf/NotoSansLao-Black.otf
Created static font output/Noto Sans Lao/unhinted/otf/NotoSansLao-ExtraCondensedBlack.otf
Postprocessing font output/Noto Sans Lao/unhinted/otf/NotoSansLao-ExtraCondensedBlack.otf
Created static font output/Noto Sans Lao/unhinted/otf/NotoSansLao-Light.otf
Postprocessing font output/Noto Sans Lao/unhinted/otf/NotoSansLao-Light.otf
Created static font output/Noto Sans Lao/unhinted/otf/NotoSansLao-ExtraBold.otf
Postprocessing font output/Noto Sans Lao/unhinted/otf/NotoSansLao-ExtraBold.otf
Created static font output/Noto Sans Lao/unhinted/otf/NotoSansLao-SemiCondensedThin.otf
Postprocessing font output/Noto Sans Lao/unhinted/otf/NotoSansLao-SemiCondensedThin.otf
Created static font output/Noto Sans Lao/unhinted/otf/NotoSansLao-ExtraCondensedMedium.otf
Postprocessing font output/Noto Sans Lao/unhinted/otf/NotoSansLao-ExtraCondensedMedium.otf
Created static font output/Noto Sans Lao/unhinted/otf/NotoSansLao-CondensedSemiBold.otf
Postprocessing font output/Noto Sans Lao/unhinted/otf/NotoSansLao-CondensedSemiBold.otf
Created static font output/Noto Sans Lao/unhinted/otf/NotoSansLao-ExtraCondensed.otf
Postprocessing font output/Noto Sans Lao/unhinted/otf/NotoSansLao-ExtraCondensed.otf
Created static font output/Noto Sans Lao/unhinted/otf/NotoSansLao-CondensedThin.otf
Postprocessing font output/Noto Sans Lao/unhinted/otf/NotoSansLao-CondensedThin.otf
Created static font output/Noto Sans Lao/unhinted/otf/NotoSansLao-SemiCondensedLight.otf
Postprocessing font output/Noto Sans Lao/unhinted/otf/NotoSansLao-SemiCondensedLight.otf
Created static font output/Noto Sans Lao/unhinted/otf/NotoSansLao-ExtraCondensedLight.otf
Postprocessing font output/Noto Sans Lao/unhinted/otf/NotoSansLao-ExtraCondensedLight.otf
Created static font output/Noto Sans Lao/unhinted/otf/NotoSansLao-ExtraCondensedBold.otf
Postprocessing font output/Noto Sans Lao/unhinted/otf/NotoSansLao-ExtraCondensedBold.otf
Created static font output/Noto Sans Lao/unhinted/otf/NotoSansLao-SemiCondensedMedium.otf
Postprocessing font output/Noto Sans Lao/unhinted/otf/NotoSansLao-SemiCondensedMedium.otf
Created static font output/Noto Sans Lao/unhinted/otf/NotoSansLao-ExtraCondensedSemiBold.otf
Postprocessing font output/Noto Sans Lao/unhinted/otf/NotoSansLao-ExtraCondensedSemiBold.otf
Created static font output/Noto Sans Lao/unhinted/otf/NotoSansLao-SemiCondensedExtraBold.otf
Postprocessing font output/Noto Sans Lao/unhinted/otf/NotoSansLao-SemiCondensedExtraBold.otf
Created static font output/Noto Sans Lao/unhinted/otf/NotoSansLao-CondensedBlack.otf
Postprocessing font output/Noto Sans Lao/unhinted/otf/NotoSansLao-CondensedBlack.otf
Created static font output/Noto Sans Lao/unhinted/otf/NotoSansLao-SemiCondensedBlack.otf
Postprocessing font output/Noto Sans Lao/unhinted/otf/NotoSansLao-SemiCondensedBlack.otf
Created static font output/Noto Sans Lao/unhinted/otf/NotoSansLao-CondensedExtraBold.otf
Postprocessing font output/Noto Sans Lao/unhinted/otf/NotoSansLao-CondensedExtraBold.otf
Created static font output/Noto Sans Lao/unhinted/otf/NotoSansLao-ExtraCondensedExtraBold.otf
Postprocessing font output/Noto Sans Lao/unhinted/otf/NotoSansLao-ExtraCondensedExtraBold.otf
Created static font output/Noto Sans Lao/unhinted/otf/NotoSansLao-SemiCondensedExtraLight.otf
Postprocessing font output/Noto Sans Lao/unhinted/otf/NotoSansLao-SemiCondensedExtraLight.otf
Created static font output/Noto Sans Lao/unhinted/otf/NotoSansLao-Regular.otf
Postprocessing font output/Noto Sans Lao/unhinted/otf/NotoSansLao-Regular.otf
Created static font output/Noto Sans Lao/unhinted/otf/NotoSansLao-Medium.otf
Postprocessing font output/Noto Sans Lao/unhinted/otf/NotoSansLao-Medium.otf
Created static font output/Noto Sans Lao/unhinted/otf/NotoSansLao-SemiCondensedBold.otf
Postprocessing font output/Noto Sans Lao/unhinted/otf/NotoSansLao-SemiCondensedBold.otf
Created static font output/Noto Sans Lao/unhinted/otf/NotoSansLao-Bold.otf
Postprocessing font output/Noto Sans Lao/unhinted/otf/NotoSansLao-Bold.otf
Created static font output/Noto Sans Lao/unhinted/otf/NotoSansLao-SemiCondensed.otf
Postprocessing font output/Noto Sans Lao/unhinted/otf/NotoSansLao-SemiCondensed.otf
Created static font output/Noto Sans Lao/unhinted/otf/NotoSansLao-CondensedLight.otf
Postprocessing font output/Noto Sans Lao/unhinted/otf/NotoSansLao-CondensedLight.otf
Created static font output/Noto Sans Lao/unhinted/otf/NotoSansLao-ExtraCondensedThin.otf
Postprocessing font output/Noto Sans Lao/unhinted/otf/NotoSansLao-ExtraCondensedThin.otf
Created static font output/Noto Sans Lao/unhinted/otf/NotoSansLao-CondensedMedium.otf
Postprocessing font output/Noto Sans Lao/unhinted/otf/NotoSansLao-CondensedMedium.otf
Created static font output/Noto Sans Lao/unhinted/otf/NotoSansLao-Thin.otf
Postprocessing font output/Noto Sans Lao/unhinted/otf/NotoSansLao-Thin.otf
Created static font output/Noto Sans Lao/unhinted/otf/NotoSansLao-Condensed.otf
Postprocessing font output/Noto Sans Lao/unhinted/otf/NotoSansLao-Condensed.otf
Created static font output/Noto Sans Lao/unhinted/otf/NotoSansLao-CondensedBold.otf
Postprocessing font output/Noto Sans Lao/unhinted/otf/NotoSansLao-CondensedBold.otf
Created static font output/Noto Sans Lao/unhinted/otf/NotoSansLao-SemiCondensedSemiBold.otf
Postprocessing font output/Noto Sans Lao/unhinted/otf/NotoSansLao-SemiCondensedSemiBold.otf
Creating static fonts from src/NotoSansLao-MM.glyphs
Created static font output/Noto Sans Lao/unhinted/ttf/NotoSansLao-ExtraLight.ttf
Postprocessing font output/Noto Sans Lao/unhinted/ttf/NotoSansLao-ExtraLight.ttf
Created static font output/Noto Sans Lao/unhinted/ttf/NotoSansLao-SemiCondensedThin.ttf
Postprocessing font output/Noto Sans Lao/unhinted/ttf/NotoSansLao-SemiCondensedThin.ttf
Created static font output/Noto Sans Lao/unhinted/ttf/NotoSansLao-CondensedMedium.ttf
Postprocessing font output/Noto Sans Lao/unhinted/ttf/NotoSansLao-CondensedMedium.ttf
Created static font output/Noto Sans Lao/unhinted/ttf/NotoSansLao-Medium.ttf
Postprocessing font output/Noto Sans Lao/unhinted/ttf/NotoSansLao-Medium.ttf
Created static font output/Noto Sans Lao/unhinted/ttf/NotoSansLao-ExtraCondensedMedium.ttf
Postprocessing font output/Noto Sans Lao/unhinted/ttf/NotoSansLao-ExtraCondensedMedium.ttf
Created static font output/Noto Sans Lao/unhinted/ttf/NotoSansLao-ExtraCondensedExtraLight.ttf
Postprocessing font output/Noto Sans Lao/unhinted/ttf/NotoSansLao-ExtraCondensedExtraLight.ttf
Created static font output/Noto Sans Lao/unhinted/ttf/NotoSansLao-SemiCondensedBold.ttf
Postprocessing font output/Noto Sans Lao/unhinted/ttf/NotoSansLao-SemiCondensedBold.ttf
Created static font output/Noto Sans Lao/unhinted/ttf/NotoSansLao-Bold.ttf
Postprocessing font output/Noto Sans Lao/unhinted/ttf/NotoSansLao-Bold.ttf
Created static font output/Noto Sans Lao/unhinted/ttf/NotoSansLao-CondensedBlack.ttf
Postprocessing font output/Noto Sans Lao/unhinted/ttf/NotoSansLao-CondensedBlack.ttf
Created static font output/Noto Sans Lao/unhinted/ttf/NotoSansLao-CondensedLight.ttf
Postprocessing font output/Noto Sans Lao/unhinted/ttf/NotoSansLao-CondensedLight.ttf
Created static font output/Noto Sans Lao/unhinted/ttf/NotoSansLao-CondensedBold.ttf
Postprocessing font output/Noto Sans Lao/unhinted/ttf/NotoSansLao-CondensedBold.ttf
Created static font output/Noto Sans Lao/unhinted/ttf/NotoSansLao-ExtraCondensedThin.ttf
Postprocessing font output/Noto Sans Lao/unhinted/ttf/NotoSansLao-ExtraCondensedThin.ttf
Created static font output/Noto Sans Lao/unhinted/ttf/NotoSansLao-SemiCondensedMedium.ttf
Postprocessing font output/Noto Sans Lao/unhinted/ttf/NotoSansLao-SemiCondensedMedium.ttf
Created static font output/Noto Sans Lao/unhinted/ttf/NotoSansLao-Light.ttf
Postprocessing font output/Noto Sans Lao/unhinted/ttf/NotoSansLao-Light.ttf
Created static font output/Noto Sans Lao/unhinted/ttf/NotoSansLao-Regular.ttf
Postprocessing font output/Noto Sans Lao/unhinted/ttf/NotoSansLao-Regular.ttf
Created static font output/Noto Sans Lao/unhinted/ttf/NotoSansLao-CondensedThin.ttf
Postprocessing font output/Noto Sans Lao/unhinted/ttf/NotoSansLao-CondensedThin.ttf
Created static font output/Noto Sans Lao/unhinted/ttf/NotoSansLao-ExtraCondensedSemiBold.ttf
Postprocessing font output/Noto Sans Lao/unhinted/ttf/NotoSansLao-ExtraCondensedSemiBold.ttf
Created static font output/Noto Sans Lao/unhinted/ttf/NotoSansLao-ExtraCondensedExtraBold.ttf
Postprocessing font output/Noto Sans Lao/unhinted/ttf/NotoSansLao-ExtraCondensedExtraBold.ttf
Created static font output/Noto Sans Lao/unhinted/ttf/NotoSansLao-SemiCondensedBlack.ttf
Postprocessing font output/Noto Sans Lao/unhinted/ttf/NotoSansLao-SemiCondensedBlack.ttf
Created static font output/Noto Sans Lao/unhinted/ttf/NotoSansLao-SemiCondensedExtraBold.ttf
Postprocessing font output/Noto Sans Lao/unhinted/ttf/NotoSansLao-SemiCondensedExtraBold.ttf
Created static font output/Noto Sans Lao/unhinted/ttf/NotoSansLao-SemiCondensed.ttf
Postprocessing font output/Noto Sans Lao/unhinted/ttf/NotoSansLao-SemiCondensed.ttf
Created static font output/Noto Sans Lao/unhinted/ttf/NotoSansLao-CondensedExtraBold.ttf
Postprocessing font output/Noto Sans Lao/unhinted/ttf/NotoSansLao-CondensedExtraBold.ttf
Created static font output/Noto Sans Lao/unhinted/ttf/NotoSansLao-CondensedExtraLight.ttf
Postprocessing font output/Noto Sans Lao/unhinted/ttf/NotoSansLao-CondensedExtraLight.ttf
Created static font output/Noto Sans Lao/unhinted/ttf/NotoSansLao-SemiCondensedSemiBold.ttf
Postprocessing font output/Noto Sans Lao/unhinted/ttf/NotoSansLao-SemiCondensedSemiBold.ttf
Created static font output/Noto Sans Lao/unhinted/ttf/NotoSansLao-Condensed.ttf
Postprocessing font output/Noto Sans Lao/unhinted/ttf/NotoSansLao-Condensed.ttf
Created static font output/Noto Sans Lao/unhinted/ttf/NotoSansLao-SemiCondensedExtraLight.ttf
Postprocessing font output/Noto Sans Lao/unhinted/ttf/NotoSansLao-SemiCondensedExtraLight.ttf
Created static font output/Noto Sans Lao/unhinted/ttf/NotoSansLao-SemiBold.ttf
Postprocessing font output/Noto Sans Lao/unhinted/ttf/NotoSansLao-SemiBold.ttf
Created static font output/Noto Sans Lao/unhinted/ttf/NotoSansLao-Black.ttf
Postprocessing font output/Noto Sans Lao/unhinted/ttf/NotoSansLao-Black.ttf
Created static font output/Noto Sans Lao/unhinted/ttf/NotoSansLao-ExtraCondensedLight.ttf
Postprocessing font output/Noto Sans Lao/unhinted/ttf/NotoSansLao-ExtraCondensedLight.ttf
Created static font output/Noto Sans Lao/unhinted/ttf/NotoSansLao-CondensedSemiBold.ttf
Postprocessing font output/Noto Sans Lao/unhinted/ttf/NotoSansLao-CondensedSemiBold.ttf
Created static font output/Noto Sans Lao/unhinted/ttf/NotoSansLao-ExtraCondensed.ttf
Postprocessing font output/Noto Sans Lao/unhinted/ttf/NotoSansLao-ExtraCondensed.ttf
Created static font output/Noto Sans Lao/unhinted/ttf/NotoSansLao-Thin.ttf
Postprocessing font output/Noto Sans Lao/unhinted/ttf/NotoSansLao-Thin.ttf
Created static font output/Noto Sans Lao/unhinted/ttf/NotoSansLao-ExtraCondensedBlack.ttf
Postprocessing font output/Noto Sans Lao/unhinted/ttf/NotoSansLao-ExtraCondensedBlack.ttf
Created static font output/Noto Sans Lao/unhinted/ttf/NotoSansLao-ExtraCondensedBold.ttf
Postprocessing font output/Noto Sans Lao/unhinted/ttf/NotoSansLao-ExtraCondensedBold.ttf
Created static font output/Noto Sans Lao/unhinted/ttf/NotoSansLao-SemiCondensedLight.ttf
Postprocessing font output/Noto Sans Lao/unhinted/ttf/NotoSansLao-SemiCondensedLight.ttf
Created static font output/Noto Sans Lao/unhinted/ttf/NotoSansLao-ExtraBold.ttf
Postprocessing font output/Noto Sans Lao/unhinted/ttf/NotoSansLao-ExtraBold.ttf
Building variable, static completed. All done!
Removing auxiliary dirs/files {'instance_ufo'}
