Creating variable fonts from src/NotoSansLaoUI-MM.glyphs
Postprocessing font output/Noto Sans Lao UI/unhinted/variable-ttf/NotoSansLaoUI-MM[wdth,wght].ttf
Creating static fonts from src/NotoSansLaoUI-MM.glyphs
Created static font output/Noto Sans Lao UI/unhinted/otf/NotoSansLaoUI-Light.otf
Postprocessing font output/Noto Sans Lao UI/unhinted/otf/NotoSansLaoUI-Light.otf
Created static font output/Noto Sans Lao UI/unhinted/otf/NotoSansLaoUI-CondensedExtraBold.otf
Postprocessing font output/Noto Sans Lao UI/unhinted/otf/NotoSansLaoUI-CondensedExtraBold.otf
Created static font output/Noto Sans Lao UI/unhinted/otf/NotoSansLaoUI-ExtraCondensedThin.otf
Postprocessing font output/Noto Sans Lao UI/unhinted/otf/NotoSansLaoUI-ExtraCondensedThin.otf
Created static font output/Noto Sans Lao UI/unhinted/otf/NotoSansLaoUI-SemiBold.otf
Postprocessing font output/Noto Sans Lao UI/unhinted/otf/NotoSansLaoUI-SemiBold.otf
Created static font output/Noto Sans Lao UI/unhinted/otf/NotoSansLaoUI-ExtraCondensedExtraLight.otf
Postprocessing font output/Noto Sans Lao UI/unhinted/otf/NotoSansLaoUI-ExtraCondensedExtraLight.otf
Created static font output/Noto Sans Lao UI/unhinted/otf/NotoSansLaoUI-ExtraCondensedLight.otf
Postprocessing font output/Noto Sans Lao UI/unhinted/otf/NotoSansLaoUI-ExtraCondensedLight.otf
Created static font output/Noto Sans Lao UI/unhinted/otf/NotoSansLaoUI-CondensedBlack.otf
Postprocessing font output/Noto Sans Lao UI/unhinted/otf/NotoSansLaoUI-CondensedBlack.otf
Created static font output/Noto Sans Lao UI/unhinted/otf/NotoSansLaoUI-CondensedLight.otf
Postprocessing font output/Noto Sans Lao UI/unhinted/otf/NotoSansLaoUI-CondensedLight.otf
Created static font output/Noto Sans Lao UI/unhinted/otf/NotoSansLaoUI-CondensedThin.otf
Postprocessing font output/Noto Sans Lao UI/unhinted/otf/NotoSansLaoUI-CondensedThin.otf
Created static font output/Noto Sans Lao UI/unhinted/otf/NotoSansLaoUI-SemiCondensedSemiBold.otf
Postprocessing font output/Noto Sans Lao UI/unhinted/otf/NotoSansLaoUI-SemiCondensedSemiBold.otf
Created static font output/Noto Sans Lao UI/unhinted/otf/NotoSansLaoUI-ExtraBold.otf
Postprocessing font output/Noto Sans Lao UI/unhinted/otf/NotoSansLaoUI-ExtraBold.otf
Created static font output/Noto Sans Lao UI/unhinted/otf/NotoSansLaoUI-Bold.otf
Postprocessing font output/Noto Sans Lao UI/unhinted/otf/NotoSansLaoUI-Bold.otf
Created static font output/Noto Sans Lao UI/unhinted/otf/NotoSansLaoUI-SemiCondensedLight.otf
Postprocessing font output/Noto Sans Lao UI/unhinted/otf/NotoSansLaoUI-SemiCondensedLight.otf
Created static font output/Noto Sans Lao UI/unhinted/otf/NotoSansLaoUI-Condensed.otf
Postprocessing font output/Noto Sans Lao UI/unhinted/otf/NotoSansLaoUI-Condensed.otf
Created static font output/Noto Sans Lao UI/unhinted/otf/NotoSansLaoUI-SemiCondensedMedium.otf
Postprocessing font output/Noto Sans Lao UI/unhinted/otf/NotoSansLaoUI-SemiCondensedMedium.otf
Created static font output/Noto Sans Lao UI/unhinted/otf/NotoSansLaoUI-Thin.otf
Postprocessing font output/Noto Sans Lao UI/unhinted/otf/NotoSansLaoUI-Thin.otf
Created static font output/Noto Sans Lao UI/unhinted/otf/NotoSansLaoUI-ExtraCondensedMedium.otf
Postprocessing font output/Noto Sans Lao UI/unhinted/otf/NotoSansLaoUI-ExtraCondensedMedium.otf
Created static font output/Noto Sans Lao UI/unhinted/otf/NotoSansLaoUI-Black.otf
Postprocessing font output/Noto Sans Lao UI/unhinted/otf/NotoSansLaoUI-Black.otf
Created static font output/Noto Sans Lao UI/unhinted/otf/NotoSansLaoUI-SemiCondensedExtraLight.otf
Postprocessing font output/Noto Sans Lao UI/unhinted/otf/NotoSansLaoUI-SemiCondensedExtraLight.otf
Created static font output/Noto Sans Lao UI/unhinted/otf/NotoSansLaoUI-ExtraCondensedSemiBold.otf
Postprocessing font output/Noto Sans Lao UI/unhinted/otf/NotoSansLaoUI-ExtraCondensedSemiBold.otf
Created static font output/Noto Sans Lao UI/unhinted/otf/NotoSansLaoUI-Regular.otf
Postprocessing font output/Noto Sans Lao UI/unhinted/otf/NotoSansLaoUI-Regular.otf
Created static font output/Noto Sans Lao UI/unhinted/otf/NotoSansLaoUI-ExtraLight.otf
Postprocessing font output/Noto Sans Lao UI/unhinted/otf/NotoSansLaoUI-ExtraLight.otf
Created static font output/Noto Sans Lao UI/unhinted/otf/NotoSansLaoUI-SemiCondensedExtraBold.otf
Postprocessing font output/Noto Sans Lao UI/unhinted/otf/NotoSansLaoUI-SemiCondensedExtraBold.otf
Created static font output/Noto Sans Lao UI/unhinted/otf/NotoSansLaoUI-SemiCondensedBold.otf
Postprocessing font output/Noto Sans Lao UI/unhinted/otf/NotoSansLaoUI-SemiCondensedBold.otf
Created static font output/Noto Sans Lao UI/unhinted/otf/NotoSansLaoUI-ExtraCondensedExtraBold.otf
Postprocessing font output/Noto Sans Lao UI/unhinted/otf/NotoSansLaoUI-ExtraCondensedExtraBold.otf
Created static font output/Noto Sans Lao UI/unhinted/otf/NotoSansLaoUI-CondensedExtraLight.otf
Postprocessing font output/Noto Sans Lao UI/unhinted/otf/NotoSansLaoUI-CondensedExtraLight.otf
Created static font output/Noto Sans Lao UI/unhinted/otf/NotoSansLaoUI-SemiCondensed.otf
Postprocessing font output/Noto Sans Lao UI/unhinted/otf/NotoSansLaoUI-SemiCondensed.otf
Created static font output/Noto Sans Lao UI/unhinted/otf/NotoSansLaoUI-CondensedMedium.otf
Postprocessing font output/Noto Sans Lao UI/unhinted/otf/NotoSansLaoUI-CondensedMedium.otf
Created static font output/Noto Sans Lao UI/unhinted/otf/NotoSansLaoUI-ExtraCondensedBlack.otf
Postprocessing font output/Noto Sans Lao UI/unhinted/otf/NotoSansLaoUI-ExtraCondensedBlack.otf
Created static font output/Noto Sans Lao UI/unhinted/otf/NotoSansLaoUI-ExtraCondensed.otf
Postprocessing font output/Noto Sans Lao UI/unhinted/otf/NotoSansLaoUI-ExtraCondensed.otf
Created static font output/Noto Sans Lao UI/unhinted/otf/NotoSansLaoUI-SemiCondensedThin.otf
Postprocessing font output/Noto Sans Lao UI/unhinted/otf/NotoSansLaoUI-SemiCondensedThin.otf
Created static font output/Noto Sans Lao UI/unhinted/otf/NotoSansLaoUI-CondensedSemiBold.otf
Postprocessing font output/Noto Sans Lao UI/unhinted/otf/NotoSansLaoUI-CondensedSemiBold.otf
Created static font output/Noto Sans Lao UI/unhinted/otf/NotoSansLaoUI-Medium.otf
Postprocessing font output/Noto Sans Lao UI/unhinted/otf/NotoSansLaoUI-Medium.otf
Created static font output/Noto Sans Lao UI/unhinted/otf/NotoSansLaoUI-SemiCondensedBlack.otf
Postprocessing font output/Noto Sans Lao UI/unhinted/otf/NotoSansLaoUI-SemiCondensedBlack.otf
Created static font output/Noto Sans Lao UI/unhinted/otf/NotoSansLaoUI-CondensedBold.otf
Postprocessing font output/Noto Sans Lao UI/unhinted/otf/NotoSansLaoUI-CondensedBold.otf
Created static font output/Noto Sans Lao UI/unhinted/otf/NotoSansLaoUI-ExtraCondensedBold.otf
Postprocessing font output/Noto Sans Lao UI/unhinted/otf/NotoSansLaoUI-ExtraCondensedBold.otf
Creating static fonts from src/NotoSansLaoUI-MM.glyphs
Created static font output/Noto Sans Lao UI/unhinted/ttf/NotoSansLaoUI-ExtraCondensedExtraBold.ttf
Postprocessing font output/Noto Sans Lao UI/unhinted/ttf/NotoSansLaoUI-ExtraCondensedExtraBold.ttf
Created static font output/Noto Sans Lao UI/unhinted/ttf/NotoSansLaoUI-Black.ttf
Postprocessing font output/Noto Sans Lao UI/unhinted/ttf/NotoSansLaoUI-Black.ttf
Created static font output/Noto Sans Lao UI/unhinted/ttf/NotoSansLaoUI-SemiBold.ttf
Postprocessing font output/Noto Sans Lao UI/unhinted/ttf/NotoSansLaoUI-SemiBold.ttf
Created static font output/Noto Sans Lao UI/unhinted/ttf/NotoSansLaoUI-SemiCondensedThin.ttf
Postprocessing font output/Noto Sans Lao UI/unhinted/ttf/NotoSansLaoUI-SemiCondensedThin.ttf
Created static font output/Noto Sans Lao UI/unhinted/ttf/NotoSansLaoUI-SemiCondensedBold.ttf
Postprocessing font output/Noto Sans Lao UI/unhinted/ttf/NotoSansLaoUI-SemiCondensedBold.ttf
Created static font output/Noto Sans Lao UI/unhinted/ttf/NotoSansLaoUI-SemiCondensedBlack.ttf
Postprocessing font output/Noto Sans Lao UI/unhinted/ttf/NotoSansLaoUI-SemiCondensedBlack.ttf
Created static font output/Noto Sans Lao UI/unhinted/ttf/NotoSansLaoUI-CondensedBlack.ttf
Postprocessing font output/Noto Sans Lao UI/unhinted/ttf/NotoSansLaoUI-CondensedBlack.ttf
Created static font output/Noto Sans Lao UI/unhinted/ttf/NotoSansLaoUI-ExtraBold.ttf
Postprocessing font output/Noto Sans Lao UI/unhinted/ttf/NotoSansLaoUI-ExtraBold.ttf
Created static font output/Noto Sans Lao UI/unhinted/ttf/NotoSansLaoUI-Condensed.ttf
Postprocessing font output/Noto Sans Lao UI/unhinted/ttf/NotoSansLaoUI-Condensed.ttf
Created static font output/Noto Sans Lao UI/unhinted/ttf/NotoSansLaoUI-CondensedSemiBold.ttf
Postprocessing font output/Noto Sans Lao UI/unhinted/ttf/NotoSansLaoUI-CondensedSemiBold.ttf
Created static font output/Noto Sans Lao UI/unhinted/ttf/NotoSansLaoUI-ExtraCondensedBold.ttf
Postprocessing font output/Noto Sans Lao UI/unhinted/ttf/NotoSansLaoUI-ExtraCondensedBold.ttf
Created static font output/Noto Sans Lao UI/unhinted/ttf/NotoSansLaoUI-ExtraCondensedExtraLight.ttf
Postprocessing font output/Noto Sans Lao UI/unhinted/ttf/NotoSansLaoUI-ExtraCondensedExtraLight.ttf
Created static font output/Noto Sans Lao UI/unhinted/ttf/NotoSansLaoUI-Light.ttf
Postprocessing font output/Noto Sans Lao UI/unhinted/ttf/NotoSansLaoUI-Light.ttf
Created static font output/Noto Sans Lao UI/unhinted/ttf/NotoSansLaoUI-SemiCondensedSemiBold.ttf
Postprocessing font output/Noto Sans Lao UI/unhinted/ttf/NotoSansLaoUI-SemiCondensedSemiBold.ttf
Created static font output/Noto Sans Lao UI/unhinted/ttf/NotoSansLaoUI-CondensedThin.ttf
Postprocessing font output/Noto Sans Lao UI/unhinted/ttf/NotoSansLaoUI-CondensedThin.ttf
Created static font output/Noto Sans Lao UI/unhinted/ttf/NotoSansLaoUI-SemiCondensedMedium.ttf
Postprocessing font output/Noto Sans Lao UI/unhinted/ttf/NotoSansLaoUI-SemiCondensedMedium.ttf
Created static font output/Noto Sans Lao UI/unhinted/ttf/NotoSansLaoUI-ExtraCondensedMedium.ttf
Postprocessing font output/Noto Sans Lao UI/unhinted/ttf/NotoSansLaoUI-ExtraCondensedMedium.ttf
Created static font output/Noto Sans Lao UI/unhinted/ttf/NotoSansLaoUI-SemiCondensedLight.ttf
Postprocessing font output/Noto Sans Lao UI/unhinted/ttf/NotoSansLaoUI-SemiCondensedLight.ttf
Created static font output/Noto Sans Lao UI/unhinted/ttf/NotoSansLaoUI-Bold.ttf
Postprocessing font output/Noto Sans Lao UI/unhinted/ttf/NotoSansLaoUI-Bold.ttf
Created static font output/Noto Sans Lao UI/unhinted/ttf/NotoSansLaoUI-CondensedExtraBold.ttf
Postprocessing font output/Noto Sans Lao UI/unhinted/ttf/NotoSansLaoUI-CondensedExtraBold.ttf
Created static font output/Noto Sans Lao UI/unhinted/ttf/NotoSansLaoUI-CondensedBold.ttf
Postprocessing font output/Noto Sans Lao UI/unhinted/ttf/NotoSansLaoUI-CondensedBold.ttf
Created static font output/Noto Sans Lao UI/unhinted/ttf/NotoSansLaoUI-SemiCondensedExtraLight.ttf
Postprocessing font output/Noto Sans Lao UI/unhinted/ttf/NotoSansLaoUI-SemiCondensedExtraLight.ttf
Created static font output/Noto Sans Lao UI/unhinted/ttf/NotoSansLaoUI-CondensedLight.ttf
Postprocessing font output/Noto Sans Lao UI/unhinted/ttf/NotoSansLaoUI-CondensedLight.ttf
Created static font output/Noto Sans Lao UI/unhinted/ttf/NotoSansLaoUI-ExtraCondensedThin.ttf
Postprocessing font output/Noto Sans Lao UI/unhinted/ttf/NotoSansLaoUI-ExtraCondensedThin.ttf
Created static font output/Noto Sans Lao UI/unhinted/ttf/NotoSansLaoUI-ExtraLight.ttf
Postprocessing font output/Noto Sans Lao UI/unhinted/ttf/NotoSansLaoUI-ExtraLight.ttf
Created static font output/Noto Sans Lao UI/unhinted/ttf/NotoSansLaoUI-SemiCondensed.ttf
Postprocessing font output/Noto Sans Lao UI/unhinted/ttf/NotoSansLaoUI-SemiCondensed.ttf
Created static font output/Noto Sans Lao UI/unhinted/ttf/NotoSansLaoUI-Regular.ttf
Postprocessing font output/Noto Sans Lao UI/unhinted/ttf/NotoSansLaoUI-Regular.ttf
Created static font output/Noto Sans Lao UI/unhinted/ttf/NotoSansLaoUI-Medium.ttf
Postprocessing font output/Noto Sans Lao UI/unhinted/ttf/NotoSansLaoUI-Medium.ttf
Created static font output/Noto Sans Lao UI/unhinted/ttf/NotoSansLaoUI-ExtraCondensedSemiBold.ttf
Postprocessing font output/Noto Sans Lao UI/unhinted/ttf/NotoSansLaoUI-ExtraCondensedSemiBold.ttf
Created static font output/Noto Sans Lao UI/unhinted/ttf/NotoSansLaoUI-ExtraCondensed.ttf
Postprocessing font output/Noto Sans Lao UI/unhinted/ttf/NotoSansLaoUI-ExtraCondensed.ttf
Created static font output/Noto Sans Lao UI/unhinted/ttf/NotoSansLaoUI-Thin.ttf
Postprocessing font output/Noto Sans Lao UI/unhinted/ttf/NotoSansLaoUI-Thin.ttf
Created static font output/Noto Sans Lao UI/unhinted/ttf/NotoSansLaoUI-ExtraCondensedLight.ttf
Postprocessing font output/Noto Sans Lao UI/unhinted/ttf/NotoSansLaoUI-ExtraCondensedLight.ttf
Created static font output/Noto Sans Lao UI/unhinted/ttf/NotoSansLaoUI-CondensedMedium.ttf
Postprocessing font output/Noto Sans Lao UI/unhinted/ttf/NotoSansLaoUI-CondensedMedium.ttf
Created static font output/Noto Sans Lao UI/unhinted/ttf/NotoSansLaoUI-SemiCondensedExtraBold.ttf
Postprocessing font output/Noto Sans Lao UI/unhinted/ttf/NotoSansLaoUI-SemiCondensedExtraBold.ttf
Created static font output/Noto Sans Lao UI/unhinted/ttf/NotoSansLaoUI-CondensedExtraLight.ttf
Postprocessing font output/Noto Sans Lao UI/unhinted/ttf/NotoSansLaoUI-CondensedExtraLight.ttf
Created static font output/Noto Sans Lao UI/unhinted/ttf/NotoSansLaoUI-ExtraCondensedBlack.ttf
Postprocessing font output/Noto Sans Lao UI/unhinted/ttf/NotoSansLaoUI-ExtraCondensedBlack.ttf
Building variable, static completed. All done!
Removing auxiliary dirs/files {'instance_ufo'}
